2012-08-11 14:43:01 Error: [PrivateActionException] Private Action UsersController::administration_login() is not directly accessible.
#0 /var/www/lib/Cake/Routing/Dispatcher.php(103): Controller->invokeAction(Object(CakeRequest))
#1 /var/www/lib/Cake/Routing/Dispatcher.php(85): Dispatcher->_invoke(Object(UsersController), Object(CakeRequest), Object(CakeResponse))
#2 /var/www/akrobad/webroot/index.php(92): Dispatcher->dispatch(Object(CakeRequest), Object(CakeResponse))
#3 {main}
2012-08-11 14:43:01 Error: [PrivateActionException] Private Action UsersController::administration_login() is not directly accessible.
#0 /var/www/lib/Cake/Routing/Dispatcher.php(103): Controller->invokeAction(Object(CakeRequest))
#1 /var/www/lib/Cake/Routing/Dispatcher.php(85): Dispatcher->_invoke(Object(UsersController), Object(CakeRequest), Object(CakeResponse))
#2 /var/www/akrobad/webroot/index.php(92): Dispatcher->dispatch(Object(CakeRequest), Object(CakeResponse))
#3 {main}
2012-08-11 14:43:02 Error: [PrivateActionException] Private Action UsersController::administration_login() is not directly accessible.
#0 /var/www/lib/Cake/Routing/Dispatcher.php(103): Controller->invokeAction(Object(CakeRequest))
#1 /var/www/lib/Cake/Routing/Dispatcher.php(85): Dispatcher->_invoke(Object(UsersController), Object(CakeRequest), Object(CakeResponse))
#2 /var/www/akrobad/webroot/index.php(92): Dispatcher->dispatch(Object(CakeRequest), Object(CakeResponse))
#3 {main}
2012-08-11 14:43:02 Error: [PrivateActionException] Private Action UsersController::administration_login() is not directly accessible.
#0 /var/www/lib/Cake/Routing/Dispatcher.php(103): Controller->invokeAction(Object(CakeRequest))
#1 /var/www/lib/Cake/Routing/Dispatcher.php(85): Dispatcher->_invoke(Object(UsersController), Object(CakeRequest), Object(CakeResponse))
#2 /var/www/akrobad/webroot/index.php(92): Dispatcher->dispatch(Object(CakeRequest), Object(CakeResponse))
#3 {main}
2012-08-11 14:43:03 Error: [PrivateActionException] Private Action UsersController::administration_login() is not directly accessible.
#0 /var/www/lib/Cake/Routing/Dispatcher.php(103): Controller->invokeAction(Object(CakeRequest))
#1 /var/www/lib/Cake/Routing/Dispatcher.php(85): Dispatcher->_invoke(Object(UsersController), Object(CakeRequest), Object(CakeResponse))
#2 /var/www/akrobad/webroot/index.php(92): Dispatcher->dispatch(Object(CakeRequest), Object(CakeResponse))
#3 {main}
2012-08-11 14:43:03 Error: [PrivateActionException] Private Action UsersController::administration_login() is not directly accessible.
#0 /var/www/lib/Cake/Routing/Dispatcher.php(103): Controller->invokeAction(Object(CakeRequest))
#1 /var/www/lib/Cake/Routing/Dispatcher.php(85): Dispatcher->_invoke(Object(UsersController), Object(CakeRequest), Object(CakeResponse))
#2 /var/www/akrobad/webroot/index.php(92): Dispatcher->dispatch(Object(CakeRequest), Object(CakeResponse))
#3 {main}
2012-08-11 14:43:03 Error: [PrivateActionException] Private Action UsersController::administration_login() is not directly accessible.
#0 /var/www/lib/Cake/Routing/Dispatcher.php(103): Controller->invokeAction(Object(CakeRequest))
#1 /var/www/lib/Cake/Routing/Dispatcher.php(85): Dispatcher->_invoke(Object(UsersController), Object(CakeRequest), Object(CakeResponse))
#2 /var/www/akrobad/webroot/index.php(92): Dispatcher->dispatch(Object(CakeRequest), Object(CakeResponse))
#3 {main}
2012-08-11 14:43:03 Error: [PrivateActionException] Private Action UsersController::administration_login() is not directly accessible.
#0 /var/www/lib/Cake/Routing/Dispatcher.php(103): Controller->invokeAction(Object(CakeRequest))
#1 /var/www/lib/Cake/Routing/Dispatcher.php(85): Dispatcher->_invoke(Object(UsersController), Object(CakeRequest), Object(CakeResponse))
#2 /var/www/akrobad/webroot/index.php(92): Dispatcher->dispatch(Object(CakeRequest), Object(CakeResponse))
#3 {main}
2012-08-11 14:43:04 Error: [PrivateActionException] Private Action UsersController::administration_login() is not directly accessible.
#0 /var/www/lib/Cake/Routing/Dispatcher.php(103): Controller->invokeAction(Object(CakeRequest))
#1 /var/www/lib/Cake/Routing/Dispatcher.php(85): Dispatcher->_invoke(Object(UsersController), Object(CakeRequest), Object(CakeResponse))
#2 /var/www/akrobad/webroot/index.php(92): Dispatcher->dispatch(Object(CakeRequest), Object(CakeResponse))
#3 {main}
2012-08-11 14:43:04 Error: [PrivateActionException] Private Action UsersController::administration_login() is not directly accessible.
#0 /var/www/lib/Cake/Routing/Dispatcher.php(103): Controller->invokeAction(Object(CakeRequest))
#1 /var/www/lib/Cake/Routing/Dispatcher.php(85): Dispatcher->_invoke(Object(UsersController), Object(CakeRequest), Object(CakeResponse))
#2 /var/www/akrobad/webroot/index.php(92): Dispatcher->dispatch(Object(CakeRequest), Object(CakeResponse))
#3 {main}
2012-08-11 14:43:19 Error: [PrivateActionException] Private Action UsersController::administration_login() is not directly accessible.
#0 /var/www/lib/Cake/Routing/Dispatcher.php(103): Controller->invokeAction(Object(CakeRequest))
#1 /var/www/lib/Cake/Routing/Dispatcher.php(85): Dispatcher->_invoke(Object(UsersController), Object(CakeRequest), Object(CakeResponse))
#2 /var/www/akrobad/webroot/index.php(92): Dispatcher->dispatch(Object(CakeRequest), Object(CakeResponse))
#3 {main}
2012-08-11 14:43:19 Error: [PrivateActionException] Private Action UsersController::administration_login() is not directly accessible.
#0 /var/www/lib/Cake/Routing/Dispatcher.php(103): Controller->invokeAction(Object(CakeRequest))
#1 /var/www/lib/Cake/Routing/Dispatcher.php(85): Dispatcher->_invoke(Object(UsersController), Object(CakeRequest), Object(CakeResponse))
#2 /var/www/akrobad/webroot/index.php(92): Dispatcher->dispatch(Object(CakeRequest), Object(CakeResponse))
#3 {main}
2012-08-11 14:43:19 Error: [PrivateActionException] Private Action UsersController::administration_login() is not directly accessible.
#0 /var/www/lib/Cake/Routing/Dispatcher.php(103): Controller->invokeAction(Object(CakeRequest))
#1 /var/www/lib/Cake/Routing/Dispatcher.php(85): Dispatcher->_invoke(Object(UsersController), Object(CakeRequest), Object(CakeResponse))
#2 /var/www/akrobad/webroot/index.php(92): Dispatcher->dispatch(Object(CakeRequest), Object(CakeResponse))
#3 {main}
2012-08-11 14:43:19 Error: [PrivateActionException] Private Action UsersController::administration_login() is not directly accessible.
#0 /var/www/lib/Cake/Routing/Dispatcher.php(103): Controller->invokeAction(Object(CakeRequest))
#1 /var/www/lib/Cake/Routing/Dispatcher.php(85): Dispatcher->_invoke(Object(UsersController), Object(CakeRequest), Object(CakeResponse))
#2 /var/www/akrobad/webroot/index.php(92): Dispatcher->dispatch(Object(CakeRequest), Object(CakeResponse))
#3 {main}
2012-08-11 14:43:23 Error: [MissingActionException] Action UsersController::index() could not be found.
#0 /var/www/lib/Cake/Routing/Dispatcher.php(103): Controller->invokeAction(Object(CakeRequest))
#1 /var/www/lib/Cake/Routing/Dispatcher.php(85): Dispatcher->_invoke(Object(UsersController), Object(CakeRequest), Object(CakeResponse))
#2 /var/www/akrobad/webroot/index.php(92): Dispatcher->dispatch(Object(CakeRequest), Object(CakeResponse))
#3 {main}
2012-08-11 14:43:23 Error: [MissingActionException] Action UsersController::index() could not be found.
#0 /var/www/lib/Cake/Routing/Dispatcher.php(103): Controller->invokeAction(Object(CakeRequest))
#1 /var/www/lib/Cake/Routing/Dispatcher.php(85): Dispatcher->_invoke(Object(UsersController), Object(CakeRequest), Object(CakeResponse))
#2 /var/www/akrobad/webroot/index.php(92): Dispatcher->dispatch(Object(CakeRequest), Object(CakeResponse))
#3 {main}
2012-08-11 14:43:24 Error: [MissingActionException] Action UsersController::index() could not be found.
#0 /var/www/lib/Cake/Routing/Dispatcher.php(103): Controller->invokeAction(Object(CakeRequest))
#1 /var/www/lib/Cake/Routing/Dispatcher.php(85): Dispatcher->_invoke(Object(UsersController), Object(CakeRequest), Object(CakeResponse))
#2 /var/www/akrobad/webroot/index.php(92): Dispatcher->dispatch(Object(CakeRequest), Object(CakeResponse))
#3 {main}
2012-08-11 14:43:24 Error: [MissingActionException] Action UsersController::index() could not be found.
#0 /var/www/lib/Cake/Routing/Dispatcher.php(103): Controller->invokeAction(Object(CakeRequest))
#1 /var/www/lib/Cake/Routing/Dispatcher.php(85): Dispatcher->_invoke(Object(UsersController), Object(CakeRequest), Object(CakeResponse))
#2 /var/www/akrobad/webroot/index.php(92): Dispatcher->dispatch(Object(CakeRequest), Object(CakeResponse))
#3 {main}
2012-08-11 14:43:26 Error: [PrivateActionException] Private Action UsersController::administration_login() is not directly accessible.
#0 /var/www/lib/Cake/Routing/Dispatcher.php(103): Controller->invokeAction(Object(CakeRequest))
#1 /var/www/lib/Cake/Routing/Dispatcher.php(85): Dispatcher->_invoke(Object(UsersController), Object(CakeRequest), Object(CakeResponse))
#2 /var/www/akrobad/webroot/index.php(92): Dispatcher->dispatch(Object(CakeRequest), Object(CakeResponse))
#3 {main}
2012-08-11 14:43:26 Error: [PrivateActionException] Private Action UsersController::administration_login() is not directly accessible.
#0 /var/www/lib/Cake/Routing/Dispatcher.php(103): Controller->invokeAction(Object(CakeRequest))
#1 /var/www/lib/Cake/Routing/Dispatcher.php(85): Dispatcher->_invoke(Object(UsersController), Object(CakeRequest), Object(CakeResponse))
#2 /var/www/akrobad/webroot/index.php(92): Dispatcher->dispatch(Object(CakeRequest), Object(CakeResponse))
#3 {main}
2012-08-11 14:43:26 Error: [PrivateActionException] Private Action UsersController::administration_login() is not directly accessible.
#0 /var/www/lib/Cake/Routing/Dispatcher.php(103): Controller->invokeAction(Object(CakeRequest))
#1 /var/www/lib/Cake/Routing/Dispatcher.php(85): Dispatcher->_invoke(Object(UsersController), Object(CakeRequest), Object(CakeResponse))
#2 /var/www/akrobad/webroot/index.php(92): Dispatcher->dispatch(Object(CakeRequest), Object(CakeResponse))
#3 {main}
2012-08-11 14:43:26 Error: [PrivateActionException] Private Action UsersController::administration_login() is not directly accessible.
#0 /var/www/lib/Cake/Routing/Dispatcher.php(103): Controller->invokeAction(Object(CakeRequest))
#1 /var/www/lib/Cake/Routing/Dispatcher.php(85): Dispatcher->_invoke(Object(UsersController), Object(CakeRequest), Object(CakeResponse))
#2 /var/www/akrobad/webroot/index.php(92): Dispatcher->dispatch(Object(CakeRequest), Object(CakeResponse))
#3 {main}
2012-08-11 14:43:27 Error: [PrivateActionException] Private Action UsersController::administration_login() is not directly accessible.
#0 /var/www/lib/Cake/Routing/Dispatcher.php(103): Controller->invokeAction(Object(CakeRequest))
#1 /var/www/lib/Cake/Routing/Dispatcher.php(85): Dispatcher->_invoke(Object(UsersController), Object(CakeRequest), Object(CakeResponse))
#2 /var/www/akrobad/webroot/index.php(92): Dispatcher->dispatch(Object(CakeRequest), Object(CakeResponse))
#3 {main}
2012-08-11 14:43:27 Error: [PrivateActionException] Private Action UsersController::administration_login() is not directly accessible.
#0 /var/www/lib/Cake/Routing/Dispatcher.php(103): Controller->invokeAction(Object(CakeRequest))
#1 /var/www/lib/Cake/Routing/Dispatcher.php(85): Dispatcher->_invoke(Object(UsersController), Object(CakeRequest), Object(CakeResponse))
#2 /var/www/akrobad/webroot/index.php(92): Dispatcher->dispatch(Object(CakeRequest), Object(CakeResponse))
#3 {main}
2012-08-11 14:43:28 Error: [PrivateActionException] Private Action UsersController::administration_login() is not directly accessible.
#0 /var/www/lib/Cake/Routing/Dispatcher.php(103): Controller->invokeAction(Object(CakeRequest))
#1 /var/www/lib/Cake/Routing/Dispatcher.php(85): Dispatcher->_invoke(Object(UsersController), Object(CakeRequest), Object(CakeResponse))
#2 /var/www/akrobad/webroot/index.php(92): Dispatcher->dispatch(Object(CakeRequest), Object(CakeResponse))
#3 {main}
2012-08-11 14:43:28 Error: [PrivateActionException] Private Action UsersController::administration_login() is not directly accessible.
#0 /var/www/lib/Cake/Routing/Dispatcher.php(103): Controller->invokeAction(Object(CakeRequest))
#1 /var/www/lib/Cake/Routing/Dispatcher.php(85): Dispatcher->_invoke(Object(UsersController), Object(CakeRequest), Object(CakeResponse))
#2 /var/www/akrobad/webroot/index.php(92): Dispatcher->dispatch(Object(CakeRequest), Object(CakeResponse))
#3 {main}
2012-08-11 14:43:28 Error: [PrivateActionException] Private Action UsersController::administration_login() is not directly accessible.
#0 /var/www/lib/Cake/Routing/Dispatcher.php(103): Controller->invokeAction(Object(CakeRequest))
#1 /var/www/lib/Cake/Routing/Dispatcher.php(85): Dispatcher->_invoke(Object(UsersController), Object(CakeRequest), Object(CakeResponse))
#2 /var/www/akrobad/webroot/index.php(92): Dispatcher->dispatch(Object(CakeRequest), Object(CakeResponse))
#3 {main}
2012-08-11 14:43:28 Error: [PrivateActionException] Private Action UsersController::administration_login() is not directly accessible.
#0 /var/www/lib/Cake/Routing/Dispatcher.php(103): Controller->invokeAction(Object(CakeRequest))
#1 /var/www/lib/Cake/Routing/Dispatcher.php(85): Dispatcher->_invoke(Object(UsersController), Object(CakeRequest), Object(CakeResponse))
#2 /var/www/akrobad/webroot/index.php(92): Dispatcher->dispatch(Object(CakeRequest), Object(CakeResponse))
#3 {main}
2012-08-11 14:44:36 Error: [PrivateActionException] Private Action UsersController::administration_login() is not directly accessible.
#0 /var/www/lib/Cake/Routing/Dispatcher.php(103): Controller->invokeAction(Object(CakeRequest))
#1 /var/www/lib/Cake/Routing/Dispatcher.php(85): Dispatcher->_invoke(Object(UsersController), Object(CakeRequest), Object(CakeResponse))
#2 /var/www/akrobad/webroot/index.php(92): Dispatcher->dispatch(Object(CakeRequest), Object(CakeResponse))
#3 {main}
2012-08-11 14:44:36 Error: [PrivateActionException] Private Action UsersController::administration_login() is not directly accessible.
#0 /var/www/lib/Cake/Routing/Dispatcher.php(103): Controller->invokeAction(Object(CakeRequest))
#1 /var/www/lib/Cake/Routing/Dispatcher.php(85): Dispatcher->_invoke(Object(UsersController), Object(CakeRequest), Object(CakeResponse))
#2 /var/www/akrobad/webroot/index.php(92): Dispatcher->dispatch(Object(CakeRequest), Object(CakeResponse))
#3 {main}
2012-08-11 14:44:38 Error: [PrivateActionException] Private Action UsersController::administration_login() is not directly accessible.
#0 /var/www/lib/Cake/Routing/Dispatcher.php(103): Controller->invokeAction(Object(CakeRequest))
#1 /var/www/lib/Cake/Routing/Dispatcher.php(85): Dispatcher->_invoke(Object(UsersController), Object(CakeRequest), Object(CakeResponse))
#2 /var/www/akrobad/webroot/index.php(92): Dispatcher->dispatch(Object(CakeRequest), Object(CakeResponse))
#3 {main}
2012-08-11 14:44:38 Error: [PrivateActionException] Private Action UsersController::administration_login() is not directly accessible.
#0 /var/www/lib/Cake/Routing/Dispatcher.php(103): Controller->invokeAction(Object(CakeRequest))
#1 /var/www/lib/Cake/Routing/Dispatcher.php(85): Dispatcher->_invoke(Object(UsersController), Object(CakeRequest), Object(CakeResponse))
#2 /var/www/akrobad/webroot/index.php(92): Dispatcher->dispatch(Object(CakeRequest), Object(CakeResponse))
#3 {main}
2012-08-11 14:44:39 Error: [PrivateActionException] Private Action UsersController::administration_login() is not directly accessible.
#0 /var/www/lib/Cake/Routing/Dispatcher.php(103): Controller->invokeAction(Object(CakeRequest))
#1 /var/www/lib/Cake/Routing/Dispatcher.php(85): Dispatcher->_invoke(Object(UsersController), Object(CakeRequest), Object(CakeResponse))
#2 /var/www/akrobad/webroot/index.php(92): Dispatcher->dispatch(Object(CakeRequest), Object(CakeResponse))
#3 {main}
2012-08-11 14:44:39 Error: [PrivateActionException] Private Action UsersController::administration_login() is not directly accessible.
#0 /var/www/lib/Cake/Routing/Dispatcher.php(103): Controller->invokeAction(Object(CakeRequest))
#1 /var/www/lib/Cake/Routing/Dispatcher.php(85): Dispatcher->_invoke(Object(UsersController), Object(CakeRequest), Object(CakeResponse))
#2 /var/www/akrobad/webroot/index.php(92): Dispatcher->dispatch(Object(CakeRequest), Object(CakeResponse))
#3 {main}
2012-08-11 14:44:41 Error: [PrivateActionException] Private Action UsersController::administration_login() is not directly accessible.
#0 /var/www/lib/Cake/Routing/Dispatcher.php(103): Controller->invokeAction(Object(CakeRequest))
#1 /var/www/lib/Cake/Routing/Dispatcher.php(85): Dispatcher->_invoke(Object(UsersController), Object(CakeRequest), Object(CakeResponse))
#2 /var/www/akrobad/webroot/index.php(92): Dispatcher->dispatch(Object(CakeRequest), Object(CakeResponse))
#3 {main}
2012-08-11 14:44:41 Error: [PrivateActionException] Private Action UsersController::administration_login() is not directly accessible.
#0 /var/www/lib/Cake/Routing/Dispatcher.php(103): Controller->invokeAction(Object(CakeRequest))
#1 /var/www/lib/Cake/Routing/Dispatcher.php(85): Dispatcher->_invoke(Object(UsersController), Object(CakeRequest), Object(CakeResponse))
#2 /var/www/akrobad/webroot/index.php(92): Dispatcher->dispatch(Object(CakeRequest), Object(CakeResponse))
#3 {main}
2012-08-11 14:44:42 Error: [PrivateActionException] Private Action UsersController::administration_login() is not directly accessible.
#0 /var/www/lib/Cake/Routing/Dispatcher.php(103): Controller->invokeAction(Object(CakeRequest))
#1 /var/www/lib/Cake/Routing/Dispatcher.php(85): Dispatcher->_invoke(Object(UsersController), Object(CakeRequest), Object(CakeResponse))
#2 /var/www/akrobad/webroot/index.php(92): Dispatcher->dispatch(Object(CakeRequest), Object(CakeResponse))
#3 {main}
2012-08-11 14:44:42 Error: [PrivateActionException] Private Action UsersController::administration_login() is not directly accessible.
#0 /var/www/lib/Cake/Routing/Dispatcher.php(103): Controller->invokeAction(Object(CakeRequest))
#1 /var/www/lib/Cake/Routing/Dispatcher.php(85): Dispatcher->_invoke(Object(UsersController), Object(CakeRequest), Object(CakeResponse))
#2 /var/www/akrobad/webroot/index.php(92): Dispatcher->dispatch(Object(CakeRequest), Object(CakeResponse))
#3 {main}
2012-08-11 14:44:43 Error: [PrivateActionException] Private Action UsersController::administration_login() is not directly accessible.
#0 /var/www/lib/Cake/Routing/Dispatcher.php(103): Controller->invokeAction(Object(CakeRequest))
#1 /var/www/lib/Cake/Routing/Dispatcher.php(85): Dispatcher->_invoke(Object(UsersController), Object(CakeRequest), Object(CakeResponse))
#2 /var/www/akrobad/webroot/index.php(92): Dispatcher->dispatch(Object(CakeRequest), Object(CakeResponse))
#3 {main}
2012-08-11 14:44:43 Error: [PrivateActionException] Private Action UsersController::administration_login() is not directly accessible.
#0 /var/www/lib/Cake/Routing/Dispatcher.php(103): Controller->invokeAction(Object(CakeRequest))
#1 /var/www/lib/Cake/Routing/Dispatcher.php(85): Dispatcher->_invoke(Object(UsersController), Object(CakeRequest), Object(CakeResponse))
#2 /var/www/akrobad/webroot/index.php(92): Dispatcher->dispatch(Object(CakeRequest), Object(CakeResponse))
#3 {main}
2012-08-11 14:44:44 Error: [PrivateActionException] Private Action UsersController::administration_login() is not directly accessible.
#0 /var/www/lib/Cake/Routing/Dispatcher.php(103): Controller->invokeAction(Object(CakeRequest))
#1 /var/www/lib/Cake/Routing/Dispatcher.php(85): Dispatcher->_invoke(Object(UsersController), Object(CakeRequest), Object(CakeResponse))
#2 /var/www/akrobad/webroot/index.php(92): Dispatcher->dispatch(Object(CakeRequest), Object(CakeResponse))
#3 {main}
2012-08-11 14:44:44 Error: [PrivateActionException] Private Action UsersController::administration_login() is not directly accessible.
#0 /var/www/lib/Cake/Routing/Dispatcher.php(103): Controller->invokeAction(Object(CakeRequest))
#1 /var/www/lib/Cake/Routing/Dispatcher.php(85): Dispatcher->_invoke(Object(UsersController), Object(CakeRequest), Object(CakeResponse))
#2 /var/www/akrobad/webroot/index.php(92): Dispatcher->dispatch(Object(CakeRequest), Object(CakeResponse))
#3 {main}
2012-08-11 14:44:44 Error: [PrivateActionException] Private Action UsersController::administration_login() is not directly accessible.
#0 /var/www/lib/Cake/Routing/Dispatcher.php(103): Controller->invokeAction(Object(CakeRequest))
#1 /var/www/lib/Cake/Routing/Dispatcher.php(85): Dispatcher->_invoke(Object(UsersController), Object(CakeRequest), Object(CakeResponse))
#2 /var/www/akrobad/webroot/index.php(92): Dispatcher->dispatch(Object(CakeRequest), Object(CakeResponse))
#3 {main}
2012-08-11 14:44:44 Error: [PrivateActionException] Private Action UsersController::administration_login() is not directly accessible.
#0 /var/www/lib/Cake/Routing/Dispatcher.php(103): Controller->invokeAction(Object(CakeRequest))
#1 /var/www/lib/Cake/Routing/Dispatcher.php(85): Dispatcher->_invoke(Object(UsersController), Object(CakeRequest), Object(CakeResponse))
#2 /var/www/akrobad/webroot/index.php(92): Dispatcher->dispatch(Object(CakeRequest), Object(CakeResponse))
#3 {main}
2012-08-11 14:45:00 Error: [PrivateActionException] Private Action UsersController::administration_login() is not directly accessible.
#0 /var/www/lib/Cake/Routing/Dispatcher.php(103): Controller->invokeAction(Object(CakeRequest))
#1 /var/www/lib/Cake/Routing/Dispatcher.php(85): Dispatcher->_invoke(Object(UsersController), Object(CakeRequest), Object(CakeResponse))
#2 /var/www/akrobad/webroot/index.php(92): Dispatcher->dispatch(Object(CakeRequest), Object(CakeResponse))
#3 {main}
2012-08-11 14:45:00 Error: [PrivateActionException] Private Action UsersController::administration_login() is not directly accessible.
#0 /var/www/lib/Cake/Routing/Dispatcher.php(103): Controller->invokeAction(Object(CakeRequest))
#1 /var/www/lib/Cake/Routing/Dispatcher.php(85): Dispatcher->_invoke(Object(UsersController), Object(CakeRequest), Object(CakeResponse))
#2 /var/www/akrobad/webroot/index.php(92): Dispatcher->dispatch(Object(CakeRequest), Object(CakeResponse))
#3 {main}
2012-08-11 14:45:02 Error: [PrivateActionException] Private Action UsersController::administration_login() is not directly accessible.
#0 /var/www/lib/Cake/Routing/Dispatcher.php(103): Controller->invokeAction(Object(CakeRequest))
#1 /var/www/lib/Cake/Routing/Dispatcher.php(85): Dispatcher->_invoke(Object(UsersController), Object(CakeRequest), Object(CakeResponse))
#2 /var/www/akrobad/webroot/index.php(92): Dispatcher->dispatch(Object(CakeRequest), Object(CakeResponse))
#3 {main}
2012-08-11 14:45:02 Error: [PrivateActionException] Private Action UsersController::administration_login() is not directly accessible.
#0 /var/www/lib/Cake/Routing/Dispatcher.php(103): Controller->invokeAction(Object(CakeRequest))
#1 /var/www/lib/Cake/Routing/Dispatcher.php(85): Dispatcher->_invoke(Object(UsersController), Object(CakeRequest), Object(CakeResponse))
#2 /var/www/akrobad/webroot/index.php(92): Dispatcher->dispatch(Object(CakeRequest), Object(CakeResponse))
#3 {main}
2012-08-11 14:50:00 Error: [PrivateActionException] Private Action UsersController::administration_login() is not directly accessible.
#0 /var/www/lib/Cake/Routing/Dispatcher.php(103): Controller->invokeAction(Object(CakeRequest))
#1 /var/www/lib/Cake/Routing/Dispatcher.php(85): Dispatcher->_invoke(Object(UsersController), Object(CakeRequest), Object(CakeResponse))
#2 /var/www/akrobad/webroot/index.php(92): Dispatcher->dispatch(Object(CakeRequest), Object(CakeResponse))
#3 {main}
2012-08-11 14:50:00 Error: [PrivateActionException] Private Action UsersController::administration_login() is not directly accessible.
#0 /var/www/lib/Cake/Routing/Dispatcher.php(103): Controller->invokeAction(Object(CakeRequest))
#1 /var/www/lib/Cake/Routing/Dispatcher.php(85): Dispatcher->_invoke(Object(UsersController), Object(CakeRequest), Object(CakeResponse))
#2 /var/www/akrobad/webroot/index.php(92): Dispatcher->dispatch(Object(CakeRequest), Object(CakeResponse))
#3 {main}
2012-08-11 14:50:01 Error: [PrivateActionException] Private Action UsersController::administration_login() is not directly accessible.
#0 /var/www/lib/Cake/Routing/Dispatcher.php(103): Controller->invokeAction(Object(CakeRequest))
#1 /var/www/lib/Cake/Routing/Dispatcher.php(85): Dispatcher->_invoke(Object(UsersController), Object(CakeRequest), Object(CakeResponse))
#2 /var/www/akrobad/webroot/index.php(92): Dispatcher->dispatch(Object(CakeRequest), Object(CakeResponse))
#3 {main}
2012-08-11 14:50:01 Error: [PrivateActionException] Private Action UsersController::administration_login() is not directly accessible.
#0 /var/www/lib/Cake/Routing/Dispatcher.php(103): Controller->invokeAction(Object(CakeRequest))
#1 /var/www/lib/Cake/Routing/Dispatcher.php(85): Dispatcher->_invoke(Object(UsersController), Object(CakeRequest), Object(CakeResponse))
#2 /var/www/akrobad/webroot/index.php(92): Dispatcher->dispatch(Object(CakeRequest), Object(CakeResponse))
#3 {main}
2012-08-11 14:50:52 Error: [MissingActionException] Action UsersController::login() could not be found.
#0 /var/www/lib/Cake/Routing/Dispatcher.php(103): Controller->invokeAction(Object(CakeRequest))
#1 /var/www/lib/Cake/Routing/Dispatcher.php(85): Dispatcher->_invoke(Object(UsersController), Object(CakeRequest), Object(CakeResponse))
#2 /var/www/akrobad/webroot/index.php(92): Dispatcher->dispatch(Object(CakeRequest), Object(CakeResponse))
#3 {main}
2012-08-11 14:50:52 Error: [MissingActionException] Action UsersController::login() could not be found.
#0 /var/www/lib/Cake/Routing/Dispatcher.php(103): Controller->invokeAction(Object(CakeRequest))
#1 /var/www/lib/Cake/Routing/Dispatcher.php(85): Dispatcher->_invoke(Object(UsersController), Object(CakeRequest), Object(CakeResponse))
#2 /var/www/akrobad/webroot/index.php(92): Dispatcher->dispatch(Object(CakeRequest), Object(CakeResponse))
#3 {main}
2012-08-11 14:50:52 Error: [MissingActionException] Action UsersController::login() could not be found.
#0 /var/www/lib/Cake/Routing/Dispatcher.php(103): Controller->invokeAction(Object(CakeRequest))
#1 /var/www/lib/Cake/Routing/Dispatcher.php(85): Dispatcher->_invoke(Object(UsersController), Object(CakeRequest), Object(CakeResponse))
#2 /var/www/akrobad/webroot/index.php(92): Dispatcher->dispatch(Object(CakeRequest), Object(CakeResponse))
#3 {main}
2012-08-11 14:50:52 Error: [MissingActionException] Action UsersController::login() could not be found.
#0 /var/www/lib/Cake/Routing/Dispatcher.php(103): Controller->invokeAction(Object(CakeRequest))
#1 /var/www/lib/Cake/Routing/Dispatcher.php(85): Dispatcher->_invoke(Object(UsersController), Object(CakeRequest), Object(CakeResponse))
#2 /var/www/akrobad/webroot/index.php(92): Dispatcher->dispatch(Object(CakeRequest), Object(CakeResponse))
#3 {main}
2012-08-11 14:57:34 Error: [MissingTableException] Table users for model User was not found in datasource default.
#0 /var/www/lib/Cake/Model/Model.php(3408): Model->setSource('users')
#1 /var/www/lib/Cake/Model/Model.php(1276): Model->getDataSource()
#2 /var/www/lib/Cake/View/Helper/FormHelper.php(196): Model->schema()
#3 /var/www/lib/Cake/View/Helper/FormHelper.php(450): FormHelper->_introspectModel('User', 'fields')
#4 /var/www/akrobad/View/Users/login.ctp(3): FormHelper->create('User')
#5 /var/www/lib/Cake/View/View.php(908): include('/var/www/akroba...')
#6 /var/www/lib/Cake/View/View.php(872): View->_evaluate('/var/www/akroba...', Array)
#7 /var/www/lib/Cake/View/View.php(463): View->_render('/var/www/akroba...')
#8 /var/www/lib/Cake/Controller/Controller.php(959): View->render(NULL, NULL)
#9 /var/www/lib/Cake/Routing/Dispatcher.php(110): Controller->render()
#10 /var/www/lib/Cake/Routing/Dispatcher.php(85): Dispatcher->_invoke(Object(UsersController), Object(CakeRequest), Object(CakeResponse))
#11 /var/www/akrobad/webroot/index.php(92): Dispatcher->dispatch(Object(CakeRequest), Object(CakeResponse))
#12 {main}
2012-08-11 14:57:34 Error: [MissingTableException] Table users for model User was not found in datasource default.
#0 /var/www/lib/Cake/Model/Model.php(3408): Model->setSource('users')
#1 /var/www/lib/Cake/Model/Model.php(1276): Model->getDataSource()
#2 /var/www/lib/Cake/View/Helper/FormHelper.php(196): Model->schema()
#3 /var/www/lib/Cake/View/Helper/FormHelper.php(450): FormHelper->_introspectModel('User', 'fields')
#4 /var/www/akrobad/View/Users/login.ctp(3): FormHelper->create('User')
#5 /var/www/lib/Cake/View/View.php(908): include('/var/www/akroba...')
#6 /var/www/lib/Cake/View/View.php(872): View->_evaluate('/var/www/akroba...', Array)
#7 /var/www/lib/Cake/View/View.php(463): View->_render('/var/www/akroba...')
#8 /var/www/lib/Cake/Controller/Controller.php(959): View->render(NULL, NULL)
#9 /var/www/lib/Cake/Routing/Dispatcher.php(110): Controller->render()
#10 /var/www/lib/Cake/Routing/Dispatcher.php(85): Dispatcher->_invoke(Object(UsersController), Object(CakeRequest), Object(CakeResponse))
#11 /var/www/akrobad/webroot/index.php(92): Dispatcher->dispatch(Object(CakeRequest), Object(CakeResponse))
#12 {main}
2012-08-11 14:57:39 Error: [MissingTableException] Table users for model User was not found in datasource default.
#0 /var/www/lib/Cake/Model/Model.php(3408): Model->setSource('users')
#1 /var/www/lib/Cake/Model/Model.php(1276): Model->getDataSource()
#2 /var/www/lib/Cake/View/Helper/FormHelper.php(196): Model->schema()
#3 /var/www/lib/Cake/View/Helper/FormHelper.php(450): FormHelper->_introspectModel('User', 'fields')
#4 /var/www/akrobad/View/Users/login.ctp(3): FormHelper->create('User')
#5 /var/www/lib/Cake/View/View.php(908): include('/var/www/akroba...')
#6 /var/www/lib/Cake/View/View.php(872): View->_evaluate('/var/www/akroba...', Array)
#7 /var/www/lib/Cake/View/View.php(463): View->_render('/var/www/akroba...')
#8 /var/www/lib/Cake/Controller/Controller.php(959): View->render(NULL, NULL)
#9 /var/www/lib/Cake/Routing/Dispatcher.php(110): Controller->render()
#10 /var/www/lib/Cake/Routing/Dispatcher.php(85): Dispatcher->_invoke(Object(UsersController), Object(CakeRequest), Object(CakeResponse))
#11 /var/www/akrobad/webroot/index.php(92): Dispatcher->dispatch(Object(CakeRequest), Object(CakeResponse))
#12 {main}
2012-08-11 14:57:39 Error: [MissingTableException] Table users for model User was not found in datasource default.
#0 /var/www/lib/Cake/Model/Model.php(3408): Model->setSource('users')
#1 /var/www/lib/Cake/Model/Model.php(1276): Model->getDataSource()
#2 /var/www/lib/Cake/View/Helper/FormHelper.php(196): Model->schema()
#3 /var/www/lib/Cake/View/Helper/FormHelper.php(450): FormHelper->_introspectModel('User', 'fields')
#4 /var/www/akrobad/View/Users/login.ctp(3): FormHelper->create('User')
#5 /var/www/lib/Cake/View/View.php(908): include('/var/www/akroba...')
#6 /var/www/lib/Cake/View/View.php(872): View->_evaluate('/var/www/akroba...', Array)
#7 /var/www/lib/Cake/View/View.php(463): View->_render('/var/www/akroba...')
#8 /var/www/lib/Cake/Controller/Controller.php(959): View->render(NULL, NULL)
#9 /var/www/lib/Cake/Routing/Dispatcher.php(110): Controller->render()
#10 /var/www/lib/Cake/Routing/Dispatcher.php(85): Dispatcher->_invoke(Object(UsersController), Object(CakeRequest), Object(CakeResponse))
#11 /var/www/akrobad/webroot/index.php(92): Dispatcher->dispatch(Object(CakeRequest), Object(CakeResponse))
#12 {main}
2012-08-11 15:02:58 Error: [MissingActionException] Action UsersController::administration_login() could not be found.
#0 /var/www/lib/Cake/Routing/Dispatcher.php(103): Controller->invokeAction(Object(CakeRequest))
#1 /var/www/lib/Cake/Routing/Dispatcher.php(85): Dispatcher->_invoke(Object(UsersController), Object(CakeRequest), Object(CakeResponse))
#2 /var/www/akrobad/webroot/index.php(92): Dispatcher->dispatch(Object(CakeRequest), Object(CakeResponse))
#3 {main}
2012-08-11 15:02:58 Error: [MissingActionException] Action UsersController::administration_login() could not be found.
#0 /var/www/lib/Cake/Routing/Dispatcher.php(103): Controller->invokeAction(Object(CakeRequest))
#1 /var/www/lib/Cake/Routing/Dispatcher.php(85): Dispatcher->_invoke(Object(UsersController), Object(CakeRequest), Object(CakeResponse))
#2 /var/www/akrobad/webroot/index.php(92): Dispatcher->dispatch(Object(CakeRequest), Object(CakeResponse))
#3 {main}
2012-08-11 15:03:43 Error: [MissingActionException] Action UsersController::administration_login() could not be found.
#0 /var/www/lib/Cake/Routing/Dispatcher.php(103): Controller->invokeAction(Object(CakeRequest))
#1 /var/www/lib/Cake/Routing/Dispatcher.php(85): Dispatcher->_invoke(Object(UsersController), Object(CakeRequest), Object(CakeResponse))
#2 /var/www/akrobad/webroot/index.php(92): Dispatcher->dispatch(Object(CakeRequest), Object(CakeResponse))
#3 {main}
2012-08-11 15:03:43 Error: [MissingActionException] Action UsersController::administration_login() could not be found.
#0 /var/www/lib/Cake/Routing/Dispatcher.php(103): Controller->invokeAction(Object(CakeRequest))
#1 /var/www/lib/Cake/Routing/Dispatcher.php(85): Dispatcher->_invoke(Object(UsersController), Object(CakeRequest), Object(CakeResponse))
#2 /var/www/akrobad/webroot/index.php(92): Dispatcher->dispatch(Object(CakeRequest), Object(CakeResponse))
#3 {main}
2012-08-11 15:04:08 Error: [MissingViewException] View file "/var/www/akrobad/View/Users/administration_login.ctp" is missing.
#0 /var/www/lib/Cake/View/View.php(460): View->_getViewFileName(NULL)
#1 /var/www/lib/Cake/Controller/Controller.php(959): View->render(NULL, NULL)
#2 /var/www/lib/Cake/Routing/Dispatcher.php(110): Controller->render()
#3 /var/www/lib/Cake/Routing/Dispatcher.php(85): Dispatcher->_invoke(Object(UsersController), Object(CakeRequest), Object(CakeResponse))
#4 /var/www/akrobad/webroot/index.php(92): Dispatcher->dispatch(Object(CakeRequest), Object(CakeResponse))
#5 {main}
2012-08-11 15:04:08 Error: [MissingViewException] View file "/var/www/akrobad/View/Users/administration_login.ctp" is missing.
#0 /var/www/lib/Cake/View/View.php(460): View->_getViewFileName(NULL)
#1 /var/www/lib/Cake/Controller/Controller.php(959): View->render(NULL, NULL)
#2 /var/www/lib/Cake/Routing/Dispatcher.php(110): Controller->render()
#3 /var/www/lib/Cake/Routing/Dispatcher.php(85): Dispatcher->_invoke(Object(UsersController), Object(CakeRequest), Object(CakeResponse))
#4 /var/www/akrobad/webroot/index.php(92): Dispatcher->dispatch(Object(CakeRequest), Object(CakeResponse))
#5 {main}
2012-08-11 15:18:59 Error: [MissingControllerException] Controller class PasswordController could not be found.
#0 /var/www/akrobad/webroot/index.php(92): Dispatcher->dispatch(Object(CakeRequest), Object(CakeResponse))
#1 {main}
2012-08-11 15:18:59 Error: [MissingControllerException] Controller class PasswordController could not be found.
#0 /var/www/akrobad/webroot/index.php(92): Dispatcher->dispatch(Object(CakeRequest), Object(CakeResponse))
#1 {main}
2012-08-11 15:19:11 Error: [MissingControllerException] Controller class PasswordController could not be found.
#0 /var/www/akrobad/webroot/index.php(92): Dispatcher->dispatch(Object(CakeRequest), Object(CakeResponse))
#1 {main}
2012-08-11 15:19:11 Error: [MissingControllerException] Controller class PasswordController could not be found.
#0 /var/www/akrobad/webroot/index.php(92): Dispatcher->dispatch(Object(CakeRequest), Object(CakeResponse))
#1 {main}
2012-08-11 15:19:18 Error: [MissingViewException] View file "/var/www/akrobad/View/Users/administration_password.ctp" is missing.
#0 /var/www/lib/Cake/View/View.php(460): View->_getViewFileName(NULL)
#1 /var/www/lib/Cake/Controller/Controller.php(959): View->render(NULL, NULL)
#2 /var/www/lib/Cake/Routing/Dispatcher.php(110): Controller->render()
#3 /var/www/lib/Cake/Routing/Dispatcher.php(85): Dispatcher->_invoke(Object(UsersController), Object(CakeRequest), Object(CakeResponse))
#4 /var/www/akrobad/webroot/index.php(92): Dispatcher->dispatch(Object(CakeRequest), Object(CakeResponse))
#5 {main}
2012-08-11 15:19:18 Error: [MissingViewException] View file "/var/www/akrobad/View/Users/administration_password.ctp" is missing.
#0 /var/www/lib/Cake/View/View.php(460): View->_getViewFileName(NULL)
#1 /var/www/lib/Cake/Controller/Controller.php(959): View->render(NULL, NULL)
#2 /var/www/lib/Cake/Routing/Dispatcher.php(110): Controller->render()
#3 /var/www/lib/Cake/Routing/Dispatcher.php(85): Dispatcher->_invoke(Object(UsersController), Object(CakeRequest), Object(CakeResponse))
#4 /var/www/akrobad/webroot/index.php(92): Dispatcher->dispatch(Object(CakeRequest), Object(CakeResponse))
#5 {main}
2012-08-11 15:26:00 Error: [MissingControllerException] Controller class TonersController could not be found.
#0 /var/www/akrobad/webroot/index.php(92): Dispatcher->dispatch(Object(CakeRequest), Object(CakeResponse))
#1 {main}
2012-08-11 15:26:00 Error: [MissingControllerException] Controller class TonersController could not be found.
#0 /var/www/akrobad/webroot/index.php(92): Dispatcher->dispatch(Object(CakeRequest), Object(CakeResponse))
#1 {main}
2012-08-11 15:27:20 Error: [MissingControllerException] Controller class TonersController could not be found.
#0 /var/www/akrobad/webroot/index.php(92): Dispatcher->dispatch(Object(CakeRequest), Object(CakeResponse))
#1 {main}
2012-08-11 15:27:20 Error: [MissingControllerException] Controller class TonersController could not be found.
#0 /var/www/akrobad/webroot/index.php(92): Dispatcher->dispatch(Object(CakeRequest), Object(CakeResponse))
#1 {main}
2012-08-11 15:30:49 Error: [MissingControllerException] Controller class TonersController could not be found.
#0 /var/www/akrobad/webroot/index.php(92): Dispatcher->dispatch(Object(CakeRequest), Object(CakeResponse))
#1 {main}
2012-08-11 15:30:49 Error: [MissingControllerException] Controller class TonersController could not be found.
#0 /var/www/akrobad/webroot/index.php(92): Dispatcher->dispatch(Object(CakeRequest), Object(CakeResponse))
#1 {main}
2012-08-11 15:30:58 Error: [MissingControllerException] Controller class TonersController could not be found.
#0 /var/www/akrobad/webroot/index.php(92): Dispatcher->dispatch(Object(CakeRequest), Object(CakeResponse))
#1 {main}
2012-08-11 15:30:58 Error: [MissingControllerException] Controller class TonersController could not be found.
#0 /var/www/akrobad/webroot/index.php(92): Dispatcher->dispatch(Object(CakeRequest), Object(CakeResponse))
#1 {main}
2012-08-11 15:31:03 Error: [MissingControllerException] Controller class TonersController could not be found.
#0 /var/www/akrobad/webroot/index.php(92): Dispatcher->dispatch(Object(CakeRequest), Object(CakeResponse))
#1 {main}
2012-08-11 15:31:03 Error: [MissingControllerException] Controller class TonersController could not be found.
#0 /var/www/akrobad/webroot/index.php(92): Dispatcher->dispatch(Object(CakeRequest), Object(CakeResponse))
#1 {main}
2012-08-11 15:31:33 Error: [MissingControllerException] Controller class TonersController could not be found.
#0 /var/www/akrobad/webroot/index.php(92): Dispatcher->dispatch(Object(CakeRequest), Object(CakeResponse))
#1 {main}
2012-08-11 15:31:33 Error: [MissingControllerException] Controller class TonersController could not be found.
#0 /var/www/akrobad/webroot/index.php(92): Dispatcher->dispatch(Object(CakeRequest), Object(CakeResponse))
#1 {main}
2012-08-11 15:34:24 Error: [MissingControllerException] Controller class TonersController could not be found.
#0 /var/www/akrobad/webroot/index.php(92): Dispatcher->dispatch(Object(CakeRequest), Object(CakeResponse))
#1 {main}
2012-08-11 15:34:24 Error: [MissingControllerException] Controller class TonersController could not be found.
#0 /var/www/akrobad/webroot/index.php(92): Dispatcher->dispatch(Object(CakeRequest), Object(CakeResponse))
#1 {main}
2012-08-11 15:38:05 Error: [MissingControllerException] Controller class IndexController could not be found.
#0 /var/www/akrobad/webroot/index.php(92): Dispatcher->dispatch(Object(CakeRequest), Object(CakeResponse))
#1 {main}
2012-08-11 15:38:05 Error: [MissingControllerException] Controller class IndexController could not be found.
#0 /var/www/akrobad/webroot/index.php(92): Dispatcher->dispatch(Object(CakeRequest), Object(CakeResponse))
#1 {main}
2012-08-11 15:38:07 Error: [MissingControllerException] Controller class IndexController could not be found.
#0 /var/www/akrobad/webroot/index.php(92): Dispatcher->dispatch(Object(CakeRequest), Object(CakeResponse))
#1 {main}
2012-08-11 15:38:07 Error: [MissingControllerException] Controller class IndexController could not be found.
#0 /var/www/akrobad/webroot/index.php(92): Dispatcher->dispatch(Object(CakeRequest), Object(CakeResponse))
#1 {main}
2012-08-11 15:38:07 Error: [MissingControllerException] Controller class IndexController could not be found.
#0 /var/www/akrobad/webroot/index.php(92): Dispatcher->dispatch(Object(CakeRequest), Object(CakeResponse))
#1 {main}
2012-08-11 15:38:07 Error: [MissingControllerException] Controller class IndexController could not be found.
#0 /var/www/akrobad/webroot/index.php(92): Dispatcher->dispatch(Object(CakeRequest), Object(CakeResponse))
#1 {main}
2012-08-11 15:38:08 Error: [MissingControllerException] Controller class IndexController could not be found.
#0 /var/www/akrobad/webroot/index.php(92): Dispatcher->dispatch(Object(CakeRequest), Object(CakeResponse))
#1 {main}
2012-08-11 15:38:08 Error: [MissingControllerException] Controller class IndexController could not be found.
#0 /var/www/akrobad/webroot/index.php(92): Dispatcher->dispatch(Object(CakeRequest), Object(CakeResponse))
#1 {main}
2012-08-11 15:38:08 Error: [MissingControllerException] Controller class IndexController could not be found.
#0 /var/www/akrobad/webroot/index.php(92): Dispatcher->dispatch(Object(CakeRequest), Object(CakeResponse))
#1 {main}
2012-08-11 15:38:08 Error: [MissingControllerException] Controller class IndexController could not be found.
#0 /var/www/akrobad/webroot/index.php(92): Dispatcher->dispatch(Object(CakeRequest), Object(CakeResponse))
#1 {main}
2012-08-11 15:38:09 Error: [MissingControllerException] Controller class IndexController could not be found.
#0 /var/www/akrobad/webroot/index.php(92): Dispatcher->dispatch(Object(CakeRequest), Object(CakeResponse))
#1 {main}
2012-08-11 15:38:09 Error: [MissingControllerException] Controller class IndexController could not be found.
#0 /var/www/akrobad/webroot/index.php(92): Dispatcher->dispatch(Object(CakeRequest), Object(CakeResponse))
#1 {main}
2012-08-11 15:40:12 Error: [MissingViewException] View file "/var/www/akrobad/View/Index/administration_index.ctp" is missing.
#0 /var/www/lib/Cake/View/View.php(460): View->_getViewFileName(NULL)
#1 /var/www/lib/Cake/Controller/Controller.php(959): View->render(NULL, NULL)
#2 /var/www/lib/Cake/Routing/Dispatcher.php(110): Controller->render()
#3 /var/www/lib/Cake/Routing/Dispatcher.php(85): Dispatcher->_invoke(Object(IndexController), Object(CakeRequest), Object(CakeResponse))
#4 /var/www/akrobad/webroot/index.php(92): Dispatcher->dispatch(Object(CakeRequest), Object(CakeResponse))
#5 {main}
2012-08-11 15:40:12 Error: [MissingViewException] View file "/var/www/akrobad/View/Index/administration_index.ctp" is missing.
#0 /var/www/lib/Cake/View/View.php(460): View->_getViewFileName(NULL)
#1 /var/www/lib/Cake/Controller/Controller.php(959): View->render(NULL, NULL)
#2 /var/www/lib/Cake/Routing/Dispatcher.php(110): Controller->render()
#3 /var/www/lib/Cake/Routing/Dispatcher.php(85): Dispatcher->_invoke(Object(IndexController), Object(CakeRequest), Object(CakeResponse))
#4 /var/www/akrobad/webroot/index.php(92): Dispatcher->dispatch(Object(CakeRequest), Object(CakeResponse))
#5 {main}
2012-08-11 16:11:26 Error: [MissingViewException] View file "/var/www/akrobad/View/Galleries/administration_edit.ctp" is missing.
#0 /var/www/lib/Cake/View/View.php(460): View->_getViewFileName(NULL)
#1 /var/www/lib/Cake/Controller/Controller.php(959): View->render(NULL, NULL)
#2 /var/www/lib/Cake/Routing/Dispatcher.php(110): Controller->render()
#3 /var/www/lib/Cake/Routing/Dispatcher.php(85): Dispatcher->_invoke(Object(GalleriesController), Object(CakeRequest), Object(CakeResponse))
#4 /var/www/akrobad/webroot/index.php(92): Dispatcher->dispatch(Object(CakeRequest), Object(CakeResponse))
#5 {main}
2012-08-11 16:11:26 Error: [MissingViewException] View file "/var/www/akrobad/View/Galleries/administration_edit.ctp" is missing.
#0 /var/www/lib/Cake/View/View.php(460): View->_getViewFileName(NULL)
#1 /var/www/lib/Cake/Controller/Controller.php(959): View->render(NULL, NULL)
#2 /var/www/lib/Cake/Routing/Dispatcher.php(110): Controller->render()
#3 /var/www/lib/Cake/Routing/Dispatcher.php(85): Dispatcher->_invoke(Object(GalleriesController), Object(CakeRequest), Object(CakeResponse))
#4 /var/www/akrobad/webroot/index.php(92): Dispatcher->dispatch(Object(CakeRequest), Object(CakeResponse))
#5 {main}
2012-08-11 16:29:58 Error: [MissingControllerException] Controller class JsController could not be found.
#0 /var/www/akrobad/webroot/index.php(92): Dispatcher->dispatch(Object(CakeRequest), Object(CakeResponse))
#1 {main}
2012-08-11 16:29:58 Error: [MissingControllerException] Controller class JsController could not be found.
#0 /var/www/akrobad/webroot/index.php(92): Dispatcher->dispatch(Object(CakeRequest), Object(CakeResponse))
#1 {main}
2012-08-11 16:29:58 Error: [MissingControllerException] Controller class JsController could not be found.
#0 /var/www/akrobad/webroot/index.php(92): Dispatcher->dispatch(Object(CakeRequest), Object(CakeResponse))
#1 {main}
2012-08-11 16:29:58 Error: [MissingControllerException] Controller class JsController could not be found.
#0 /var/www/akrobad/webroot/index.php(92): Dispatcher->dispatch(Object(CakeRequest), Object(CakeResponse))
#1 {main}
2012-08-11 16:29:58 Error: [MissingControllerException] Controller class JsController could not be found.
#0 /var/www/akrobad/webroot/index.php(92): Dispatcher->dispatch(Object(CakeRequest), Object(CakeResponse))
#1 {main}
2012-08-11 16:29:58 Error: [MissingControllerException] Controller class JsController could not be found.
#0 /var/www/akrobad/webroot/index.php(92): Dispatcher->dispatch(Object(CakeRequest), Object(CakeResponse))
#1 {main}
2012-08-11 16:29:58 Error: [MissingControllerException] Controller class JsController could not be found.
#0 /var/www/akrobad/webroot/index.php(92): Dispatcher->dispatch(Object(CakeRequest), Object(CakeResponse))
#1 {main}
2012-08-11 16:29:58 Error: [MissingControllerException] Controller class JsController could not be found.
#0 /var/www/akrobad/webroot/index.php(92): Dispatcher->dispatch(Object(CakeRequest), Object(CakeResponse))
#1 {main}
2012-08-11 16:29:58 Error: [MissingControllerException] Controller class JsController could not be found.
#0 /var/www/akrobad/webroot/index.php(92): Dispatcher->dispatch(Object(CakeRequest), Object(CakeResponse))
#1 {main}
2012-08-11 16:29:58 Error: [MissingControllerException] Controller class JsController could not be found.
#0 /var/www/akrobad/webroot/index.php(92): Dispatcher->dispatch(Object(CakeRequest), Object(CakeResponse))
#1 {main}
2012-08-11 16:29:58 Error: [MissingControllerException] Controller class JsController could not be found.
#0 /var/www/akrobad/webroot/index.php(92): Dispatcher->dispatch(Object(CakeRequest), Object(CakeResponse))
#1 {main}
2012-08-11 16:29:58 Error: [MissingControllerException] Controller class JsController could not be found.
#0 /var/www/akrobad/webroot/index.php(92): Dispatcher->dispatch(Object(CakeRequest), Object(CakeResponse))
#1 {main}
2012-08-11 16:29:58 Error: [MissingControllerException] Controller class JsController could not be found.
#0 /var/www/akrobad/webroot/index.php(92): Dispatcher->dispatch(Object(CakeRequest), Object(CakeResponse))
#1 {main}
2012-08-11 16:29:58 Error: [MissingControllerException] Controller class JsController could not be found.
#0 /var/www/akrobad/webroot/index.php(92): Dispatcher->dispatch(Object(CakeRequest), Object(CakeResponse))
#1 {main}
2012-08-11 16:29:59 Error: [MissingControllerException] Controller class JsController could not be found.
#0 /var/www/akrobad/webroot/index.php(92): Dispatcher->dispatch(Object(CakeRequest), Object(CakeResponse))
#1 {main}
2012-08-11 16:29:59 Error: [MissingControllerException] Controller class JsController could not be found.
#0 /var/www/akrobad/webroot/index.php(92): Dispatcher->dispatch(Object(CakeRequest), Object(CakeResponse))
#1 {main}
2012-08-11 16:29:59 Error: [MissingControllerException] Controller class JsController could not be found.
#0 /var/www/akrobad/webroot/index.php(92): Dispatcher->dispatch(Object(CakeRequest), Object(CakeResponse))
#1 {main}
2012-08-11 16:29:59 Error: [MissingControllerException] Controller class JsController could not be found.
#0 /var/www/akrobad/webroot/index.php(92): Dispatcher->dispatch(Object(CakeRequest), Object(CakeResponse))
#1 {main}
2012-08-11 16:29:59 Error: [MissingControllerException] Controller class JsController could not be found.
#0 /var/www/akrobad/webroot/index.php(92): Dispatcher->dispatch(Object(CakeRequest), Object(CakeResponse))
#1 {main}
2012-08-11 16:29:59 Error: [MissingControllerException] Controller class JsController could not be found.
#0 /var/www/akrobad/webroot/index.php(92): Dispatcher->dispatch(Object(CakeRequest), Object(CakeResponse))
#1 {main}
2012-08-11 16:29:59 Error: [MissingControllerException] Controller class JsController could not be found.
#0 /var/www/akrobad/webroot/index.php(92): Dispatcher->dispatch(Object(CakeRequest), Object(CakeResponse))
#1 {main}
2012-08-11 16:29:59 Error: [MissingControllerException] Controller class JsController could not be found.
#0 /var/www/akrobad/webroot/index.php(92): Dispatcher->dispatch(Object(CakeRequest), Object(CakeResponse))
#1 {main}
2012-08-11 16:29:59 Error: [MissingControllerException] Controller class JsController could not be found.
#0 /var/www/akrobad/webroot/index.php(92): Dispatcher->dispatch(Object(CakeRequest), Object(CakeResponse))
#1 {main}
2012-08-11 16:29:59 Error: [MissingControllerException] Controller class JsController could not be found.
#0 /var/www/akrobad/webroot/index.php(92): Dispatcher->dispatch(Object(CakeRequest), Object(CakeResponse))
#1 {main}
2012-08-11 16:29:59 Error: [MissingControllerException] Controller class JsController could not be found.
#0 /var/www/akrobad/webroot/index.php(92): Dispatcher->dispatch(Object(CakeRequest), Object(CakeResponse))
#1 {main}
2012-08-11 16:29:59 Error: [MissingControllerException] Controller class JsController could not be found.
#0 /var/www/akrobad/webroot/index.php(92): Dispatcher->dispatch(Object(CakeRequest), Object(CakeResponse))
#1 {main}
2012-08-11 16:29:59 Error: [MissingControllerException] Controller class JsController could not be found.
#0 /var/www/akrobad/webroot/index.php(92): Dispatcher->dispatch(Object(CakeRequest), Object(CakeResponse))
#1 {main}
2012-08-11 16:29:59 Error: [MissingControllerException] Controller class JsController could not be found.
#0 /var/www/akrobad/webroot/index.php(92): Dispatcher->dispatch(Object(CakeRequest), Object(CakeResponse))
#1 {main}
2012-08-11 16:33:04 Error: [MissingControllerException] Controller class CssController could not be found.
#0 /var/www/akrobad/webroot/index.php(92): Dispatcher->dispatch(Object(CakeRequest), Object(CakeResponse))
#1 {main}
2012-08-11 16:33:04 Error: [MissingControllerException] Controller class CssController could not be found.
#0 /var/www/akrobad/webroot/index.php(92): Dispatcher->dispatch(Object(CakeRequest), Object(CakeResponse))
#1 {main}
2012-08-11 16:33:30 Error: [MissingControllerException] Controller class ImgController could not be found.
#0 /var/www/akrobad/webroot/index.php(92): Dispatcher->dispatch(Object(CakeRequest), Object(CakeResponse))
#1 {main}
2012-08-11 16:33:30 Error: [MissingControllerException] Controller class ImgController could not be found.
#0 /var/www/akrobad/webroot/index.php(92): Dispatcher->dispatch(Object(CakeRequest), Object(CakeResponse))
#1 {main}
2012-08-11 16:45:27 Error: [MissingControllerException] Controller class ImgController could not be found.
#0 /var/www/akrobad/webroot/index.php(92): Dispatcher->dispatch(Object(CakeRequest), Object(CakeResponse))
#1 {main}
2012-08-11 16:45:27 Error: [MissingControllerException] Controller class ImgController could not be found.
#0 /var/www/akrobad/webroot/index.php(92): Dispatcher->dispatch(Object(CakeRequest), Object(CakeResponse))
#1 {main}
2012-08-11 16:45:29 Error: [MissingControllerException] Controller class ImgController could not be found.
#0 /var/www/akrobad/webroot/index.php(92): Dispatcher->dispatch(Object(CakeRequest), Object(CakeResponse))
#1 {main}
2012-08-11 16:45:29 Error: [MissingControllerException] Controller class ImgController could not be found.
#0 /var/www/akrobad/webroot/index.php(92): Dispatcher->dispatch(Object(CakeRequest), Object(CakeResponse))
#1 {main}
2012-08-11 16:52:38 Error: [MissingViewException] View file "/var/www/akrobad/View/Galleries/administration_images.ctp" is missing.
#0 /var/www/lib/Cake/View/View.php(460): View->_getViewFileName(NULL)
#1 /var/www/lib/Cake/Controller/Controller.php(959): View->render(NULL, NULL)
#2 /var/www/lib/Cake/Routing/Dispatcher.php(110): Controller->render()
#3 /var/www/lib/Cake/Routing/Dispatcher.php(85): Dispatcher->_invoke(Object(GalleriesController), Object(CakeRequest), Object(CakeResponse))
#4 /var/www/akrobad/webroot/index.php(92): Dispatcher->dispatch(Object(CakeRequest), Object(CakeResponse))
#5 {main}
2012-08-11 16:52:38 Error: [MissingViewException] View file "/var/www/akrobad/View/Galleries/administration_images.ctp" is missing.
#0 /var/www/lib/Cake/View/View.php(460): View->_getViewFileName(NULL)
#1 /var/www/lib/Cake/Controller/Controller.php(959): View->render(NULL, NULL)
#2 /var/www/lib/Cake/Routing/Dispatcher.php(110): Controller->render()
#3 /var/www/lib/Cake/Routing/Dispatcher.php(85): Dispatcher->_invoke(Object(GalleriesController), Object(CakeRequest), Object(CakeResponse))
#4 /var/www/akrobad/webroot/index.php(92): Dispatcher->dispatch(Object(CakeRequest), Object(CakeResponse))
#5 {main}
2012-08-11 17:02:56 Error: [MissingViewException] View file "/var/www/akrobad/View/Galleries/administration_getimages.ctp" is missing.
#0 /var/www/lib/Cake/View/View.php(460): View->_getViewFileName(NULL)
#1 /var/www/lib/Cake/Controller/Controller.php(959): View->render(NULL, NULL)
#2 /var/www/lib/Cake/Routing/Dispatcher.php(110): Controller->render()
#3 /var/www/lib/Cake/Routing/Dispatcher.php(85): Dispatcher->_invoke(Object(GalleriesController), Object(CakeRequest), Object(CakeResponse))
#4 /var/www/akrobad/webroot/index.php(92): Dispatcher->dispatch(Object(CakeRequest), Object(CakeResponse))
#5 {main}
2012-08-11 17:02:56 Error: [MissingViewException] View file "/var/www/akrobad/View/Galleries/administration_getimages.ctp" is missing.
#0 /var/www/lib/Cake/View/View.php(460): View->_getViewFileName(NULL)
#1 /var/www/lib/Cake/Controller/Controller.php(959): View->render(NULL, NULL)
#2 /var/www/lib/Cake/Routing/Dispatcher.php(110): Controller->render()
#3 /var/www/lib/Cake/Routing/Dispatcher.php(85): Dispatcher->_invoke(Object(GalleriesController), Object(CakeRequest), Object(CakeResponse))
#4 /var/www/akrobad/webroot/index.php(92): Dispatcher->dispatch(Object(CakeRequest), Object(CakeResponse))
#5 {main}
2012-08-11 19:52:54 Error: [MissingControllerException] Controller class GallerieController could not be found.
#0 /var/www/akrobad/webroot/index.php(92): Dispatcher->dispatch(Object(CakeRequest), Object(CakeResponse))
#1 {main}
2012-08-11 19:52:54 Error: [MissingControllerException] Controller class GallerieController could not be found.
#0 /var/www/akrobad/webroot/index.php(92): Dispatcher->dispatch(Object(CakeRequest), Object(CakeResponse))
#1 {main}
2012-08-11 20:08:56 Error: [MissingTableException] Table model_names for model model_name was not found in datasource default.
#0 /var/www/lib/Cake/Model/Model.php(3408): Model->setSource('model_names')
#1 /var/www/lib/Cake/Model/Model.php(2663): Model->getDataSource()
#2 /var/www/akrobad/Controller/GalleriesController.php(80): Model->find('all')
#3 [internal function]: GalleriesController->administration_getimages('1')
#4 /var/www/lib/Cake/Controller/Controller.php(485): ReflectionMethod->invokeArgs(Object(GalleriesController), Array)
#5 /var/www/lib/Cake/Routing/Dispatcher.php(103): Controller->invokeAction(Object(CakeRequest))
#6 /var/www/lib/Cake/Routing/Dispatcher.php(85): Dispatcher->_invoke(Object(GalleriesController), Object(CakeRequest), Object(CakeResponse))
#7 /var/www/akrobad/webroot/index.php(92): Dispatcher->dispatch(Object(CakeRequest), Object(CakeResponse))
#8 {main}
2012-08-11 20:08:56 Error: [MissingTableException] Table model_names for model model_name was not found in datasource default.
#0 /var/www/lib/Cake/Model/Model.php(3408): Model->setSource('model_names')
#1 /var/www/lib/Cake/Model/Model.php(2663): Model->getDataSource()
#2 /var/www/akrobad/Controller/GalleriesController.php(80): Model->find('all')
#3 [internal function]: GalleriesController->administration_getimages('1')
#4 /var/www/lib/Cake/Controller/Controller.php(485): ReflectionMethod->invokeArgs(Object(GalleriesController), Array)
#5 /var/www/lib/Cake/Routing/Dispatcher.php(103): Controller->invokeAction(Object(CakeRequest))
#6 /var/www/lib/Cake/Routing/Dispatcher.php(85): Dispatcher->_invoke(Object(GalleriesController), Object(CakeRequest), Object(CakeResponse))
#7 /var/www/akrobad/webroot/index.php(92): Dispatcher->dispatch(Object(CakeRequest), Object(CakeResponse))
#8 {main}
2012-08-15 15:23:24 Error: [MissingActionException] Action ImagesController::editTitle() could not be found.
#0 /var/www/lib/Cake/Routing/Dispatcher.php(103): Controller->invokeAction(Object(CakeRequest))
#1 /var/www/lib/Cake/Routing/Dispatcher.php(85): Dispatcher->_invoke(Object(ImagesController), Object(CakeRequest), Object(CakeResponse))
#2 /var/www/akrobad/webroot/index.php(92): Dispatcher->dispatch(Object(CakeRequest), Object(CakeResponse))
#3 {main}
2012-08-15 15:23:24 Error: [MissingActionException] Action ImagesController::editTitle() could not be found.
#0 /var/www/lib/Cake/Routing/Dispatcher.php(103): Controller->invokeAction(Object(CakeRequest))
#1 /var/www/lib/Cake/Routing/Dispatcher.php(85): Dispatcher->_invoke(Object(ImagesController), Object(CakeRequest), Object(CakeResponse))
#2 /var/www/akrobad/webroot/index.php(92): Dispatcher->dispatch(Object(CakeRequest), Object(CakeResponse))
#3 {main}
2012-08-15 15:24:17 Error: [MissingViewException] View file "/var/www/akrobad/View/Images/administration_edit_title.ctp" is missing.
#0 /var/www/lib/Cake/View/View.php(460): View->_getViewFileName(NULL)
#1 /var/www/lib/Cake/Controller/Controller.php(959): View->render(NULL, NULL)
#2 /var/www/lib/Cake/Routing/Dispatcher.php(110): Controller->render()
#3 /var/www/lib/Cake/Routing/Dispatcher.php(85): Dispatcher->_invoke(Object(ImagesController), Object(CakeRequest), Object(CakeResponse))
#4 /var/www/akrobad/webroot/index.php(92): Dispatcher->dispatch(Object(CakeRequest), Object(CakeResponse))
#5 {main}
2012-08-15 15:24:17 Error: [MissingViewException] View file "/var/www/akrobad/View/Images/administration_edit_title.ctp" is missing.
#0 /var/www/lib/Cake/View/View.php(460): View->_getViewFileName(NULL)
#1 /var/www/lib/Cake/Controller/Controller.php(959): View->render(NULL, NULL)
#2 /var/www/lib/Cake/Routing/Dispatcher.php(110): Controller->render()
#3 /var/www/lib/Cake/Routing/Dispatcher.php(85): Dispatcher->_invoke(Object(ImagesController), Object(CakeRequest), Object(CakeResponse))
#4 /var/www/akrobad/webroot/index.php(92): Dispatcher->dispatch(Object(CakeRequest), Object(CakeResponse))
#5 {main}
2012-08-15 19:45:54 Error: [MissingViewException] View file "/var/www/akrobad/View/News/administration_index.ctp" is missing.
#0 /var/www/lib/Cake/View/View.php(460): View->_getViewFileName(NULL)
#1 /var/www/lib/Cake/Controller/Controller.php(959): View->render(NULL, NULL)
#2 /var/www/lib/Cake/Routing/Dispatcher.php(110): Controller->render()
#3 /var/www/lib/Cake/Routing/Dispatcher.php(85): Dispatcher->_invoke(Object(NewsController), Object(CakeRequest), Object(CakeResponse))
#4 /var/www/akrobad/webroot/index.php(92): Dispatcher->dispatch(Object(CakeRequest), Object(CakeResponse))
#5 {main}
2012-08-15 19:45:54 Error: [MissingViewException] View file "/var/www/akrobad/View/News/administration_index.ctp" is missing.
#0 /var/www/lib/Cake/View/View.php(460): View->_getViewFileName(NULL)
#1 /var/www/lib/Cake/Controller/Controller.php(959): View->render(NULL, NULL)
#2 /var/www/lib/Cake/Routing/Dispatcher.php(110): Controller->render()
#3 /var/www/lib/Cake/Routing/Dispatcher.php(85): Dispatcher->_invoke(Object(NewsController), Object(CakeRequest), Object(CakeResponse))
#4 /var/www/akrobad/webroot/index.php(92): Dispatcher->dispatch(Object(CakeRequest), Object(CakeResponse))
#5 {main}
2012-08-15 19:54:17 Error: [MissingBehaviorException] Behavior class EnumerableBehavior could not be found.
#0 /var/www/lib/Cake/Model/BehaviorCollection.php(68): BehaviorCollection->load('Enumerable', Array)
#1 /var/www/lib/Cake/Model/Model.php(725): BehaviorCollection->init('News', Array)
#2 [internal function]: Model->__construct(Array)
#3 /var/www/lib/Cake/Utility/ClassRegistry.php(156): ReflectionClass->newInstance(Array)
#4 /var/www/lib/Cake/Controller/Controller.php(734): ClassRegistry::init(Array)
#5 /var/www/lib/Cake/Controller/Controller.php(366): Controller->loadModel('News')
#6 /var/www/lib/Cake/Controller/Controller.php(404): Controller->__isset('News')
#7 /var/www/akrobad/Controller/NewsController.php(29): Controller->__get('News')
#8 [internal function]: NewsController->administration_edit('1')
#9 /var/www/lib/Cake/Controller/Controller.php(485): ReflectionMethod->invokeArgs(Object(NewsController), Array)
#10 /var/www/lib/Cake/Routing/Dispatcher.php(103): Controller->invokeAction(Object(CakeRequest))
#11 /var/www/lib/Cake/Routing/Dispatcher.php(85): Dispatcher->_invoke(Object(NewsController), Object(CakeRequest), Object(CakeResponse))
#12 /var/www/akrobad/webroot/index.php(92): Dispatcher->dispatch(Object(CakeRequest), Object(CakeResponse))
#13 {main}
2012-08-15 19:54:17 Error: [MissingBehaviorException] Behavior class EnumerableBehavior could not be found.
#0 /var/www/lib/Cake/Model/BehaviorCollection.php(68): BehaviorCollection->load('Enumerable', Array)
#1 /var/www/lib/Cake/Model/Model.php(725): BehaviorCollection->init('News', Array)
#2 [internal function]: Model->__construct(Array)
#3 /var/www/lib/Cake/Utility/ClassRegistry.php(156): ReflectionClass->newInstance(Array)
#4 /var/www/lib/Cake/Controller/Controller.php(734): ClassRegistry::init(Array)
#5 /var/www/lib/Cake/Controller/Controller.php(366): Controller->loadModel('News')
#6 /var/www/lib/Cake/Controller/Controller.php(404): Controller->__isset('News')
#7 /var/www/akrobad/Controller/NewsController.php(29): Controller->__get('News')
#8 [internal function]: NewsController->administration_edit('1')
#9 /var/www/lib/Cake/Controller/Controller.php(485): ReflectionMethod->invokeArgs(Object(NewsController), Array)
#10 /var/www/lib/Cake/Routing/Dispatcher.php(103): Controller->invokeAction(Object(CakeRequest))
#11 /var/www/lib/Cake/Routing/Dispatcher.php(85): Dispatcher->_invoke(Object(NewsController), Object(CakeRequest), Object(CakeResponse))
#12 /var/www/akrobad/webroot/index.php(92): Dispatcher->dispatch(Object(CakeRequest), Object(CakeResponse))
#13 {main}
2012-08-15 21:05:07 Error: [MissingActionException] Action NewsController::administration_action() could not be found.
#0 /var/www/lib/Cake/Routing/Dispatcher.php(103): Controller->invokeAction(Object(CakeRequest))
#1 /var/www/lib/Cake/Routing/Dispatcher.php(85): Dispatcher->_invoke(Object(NewsController), Object(CakeRequest), Object(CakeResponse))
#2 /var/www/akrobad/webroot/index.php(92): Dispatcher->dispatch(Object(CakeRequest), Object(CakeResponse))
#3 {main}
2012-08-15 21:05:07 Error: [MissingActionException] Action NewsController::administration_action() could not be found.
#0 /var/www/lib/Cake/Routing/Dispatcher.php(103): Controller->invokeAction(Object(CakeRequest))
#1 /var/www/lib/Cake/Routing/Dispatcher.php(85): Dispatcher->_invoke(Object(NewsController), Object(CakeRequest), Object(CakeResponse))
#2 /var/www/akrobad/webroot/index.php(92): Dispatcher->dispatch(Object(CakeRequest), Object(CakeResponse))
#3 {main}
2012-08-15 21:10:57 Error: [MissingActionException] Action MenuItemsController::administration_list() could not be found.
#0 /var/www/lib/Cake/Routing/Dispatcher.php(103): Controller->invokeAction(Object(CakeRequest))
#1 /var/www/lib/Cake/Routing/Dispatcher.php(85): Dispatcher->_invoke(Object(MenuItemsController), Object(CakeRequest), Object(CakeResponse))
#2 /var/www/akrobad/webroot/index.php(92): Dispatcher->dispatch(Object(CakeRequest), Object(CakeResponse))
#3 {main}
2012-08-15 21:10:57 Error: [MissingActionException] Action MenuItemsController::administration_list() could not be found.
#0 /var/www/lib/Cake/Routing/Dispatcher.php(103): Controller->invokeAction(Object(CakeRequest))
#1 /var/www/lib/Cake/Routing/Dispatcher.php(85): Dispatcher->_invoke(Object(MenuItemsController), Object(CakeRequest), Object(CakeResponse))
#2 /var/www/akrobad/webroot/index.php(92): Dispatcher->dispatch(Object(CakeRequest), Object(CakeResponse))
#3 {main}
2012-08-15 21:11:01 Error: [MissingActionException] Action MenuItemsController::administration_list() could not be found.
#0 /var/www/lib/Cake/Routing/Dispatcher.php(103): Controller->invokeAction(Object(CakeRequest))
#1 /var/www/lib/Cake/Routing/Dispatcher.php(85): Dispatcher->_invoke(Object(MenuItemsController), Object(CakeRequest), Object(CakeResponse))
#2 /var/www/akrobad/webroot/index.php(92): Dispatcher->dispatch(Object(CakeRequest), Object(CakeResponse))
#3 {main}
2012-08-15 21:11:01 Error: [MissingActionException] Action MenuItemsController::administration_list() could not be found.
#0 /var/www/lib/Cake/Routing/Dispatcher.php(103): Controller->invokeAction(Object(CakeRequest))
#1 /var/www/lib/Cake/Routing/Dispatcher.php(85): Dispatcher->_invoke(Object(MenuItemsController), Object(CakeRequest), Object(CakeResponse))
#2 /var/www/akrobad/webroot/index.php(92): Dispatcher->dispatch(Object(CakeRequest), Object(CakeResponse))
#3 {main}
2012-08-15 21:11:16 Error: [MissingActionException] Action MenuItemsController::administration_list() could not be found.
#0 /var/www/lib/Cake/Routing/Dispatcher.php(103): Controller->invokeAction(Object(CakeRequest))
#1 /var/www/lib/Cake/Routing/Dispatcher.php(85): Dispatcher->_invoke(Object(MenuItemsController), Object(CakeRequest), Object(CakeResponse))
#2 /var/www/akrobad/webroot/index.php(92): Dispatcher->dispatch(Object(CakeRequest), Object(CakeResponse))
#3 {main}
2012-08-15 21:11:16 Error: [MissingActionException] Action MenuItemsController::administration_list() could not be found.
#0 /var/www/lib/Cake/Routing/Dispatcher.php(103): Controller->invokeAction(Object(CakeRequest))
#1 /var/www/lib/Cake/Routing/Dispatcher.php(85): Dispatcher->_invoke(Object(MenuItemsController), Object(CakeRequest), Object(CakeResponse))
#2 /var/www/akrobad/webroot/index.php(92): Dispatcher->dispatch(Object(CakeRequest), Object(CakeResponse))
#3 {main}
2012-08-15 21:11:20 Error: [MissingViewException] View file "/var/www/akrobad/View/MenuItems/administration_index.ctp" is missing.
#0 /var/www/lib/Cake/View/View.php(460): View->_getViewFileName(NULL)
#1 /var/www/lib/Cake/Controller/Controller.php(959): View->render(NULL, NULL)
#2 /var/www/lib/Cake/Routing/Dispatcher.php(110): Controller->render()
#3 /var/www/lib/Cake/Routing/Dispatcher.php(85): Dispatcher->_invoke(Object(MenuItemsController), Object(CakeRequest), Object(CakeResponse))
#4 /var/www/akrobad/webroot/index.php(92): Dispatcher->dispatch(Object(CakeRequest), Object(CakeResponse))
#5 {main}
2012-08-15 21:11:20 Error: [MissingViewException] View file "/var/www/akrobad/View/MenuItems/administration_index.ctp" is missing.
#0 /var/www/lib/Cake/View/View.php(460): View->_getViewFileName(NULL)
#1 /var/www/lib/Cake/Controller/Controller.php(959): View->render(NULL, NULL)
#2 /var/www/lib/Cake/Routing/Dispatcher.php(110): Controller->render()
#3 /var/www/lib/Cake/Routing/Dispatcher.php(85): Dispatcher->_invoke(Object(MenuItemsController), Object(CakeRequest), Object(CakeResponse))
#4 /var/www/akrobad/webroot/index.php(92): Dispatcher->dispatch(Object(CakeRequest), Object(CakeResponse))
#5 {main}
2012-08-15 21:13:04 Error: [PDOException] SQLSTATE[23000]: Integrity constraint violation: 1052 Column 'order' in order clause is ambiguous
#0 /var/www/lib/Cake/Model/Datasource/DboSource.php(437): PDOStatement->execute(Array)
#1 /var/www/lib/Cake/Model/Datasource/DboSource.php(403): DboSource->_execute('SELECT `MenuIte...', Array)
#2 /var/www/lib/Cake/Model/Datasource/DboSource.php(647): DboSource->execute('SELECT `MenuIte...', Array, Array)
#3 /var/www/lib/Cake/Model/Datasource/DboSource.php(1058): DboSource->fetchAll('SELECT `MenuIte...', false)
#4 /var/www/lib/Cake/Model/Model.php(2663): DboSource->read(Object(MenuItem), Array)
#5 /var/www/akrobad/Controller/MenuItemsController.php(107): Model->find('all', Array)
#6 [internal function]: MenuItemsController->administration_index()
#7 /var/www/lib/Cake/Controller/Controller.php(485): ReflectionMethod->invokeArgs(Object(MenuItemsController), Array)
#8 /var/www/lib/Cake/Routing/Dispatcher.php(103): Controller->invokeAction(Object(CakeRequest))
#9 /var/www/lib/Cake/Routing/Dispatcher.php(85): Dispatcher->_invoke(Object(MenuItemsController), Object(CakeRequest), Object(CakeResponse))
#10 /var/www/akrobad/webroot/index.php(92): Dispatcher->dispatch(Object(CakeRequest), Object(CakeResponse))
#11 {main}
2012-08-15 21:13:04 Error: [PDOException] SQLSTATE[23000]: Integrity constraint violation: 1052 Column 'order' in order clause is ambiguous
#0 /var/www/lib/Cake/Model/Datasource/DboSource.php(437): PDOStatement->execute(Array)
#1 /var/www/lib/Cake/Model/Datasource/DboSource.php(403): DboSource->_execute('SELECT `MenuIte...', Array)
#2 /var/www/lib/Cake/Model/Datasource/DboSource.php(647): DboSource->execute('SELECT `MenuIte...', Array, Array)
#3 /var/www/lib/Cake/Model/Datasource/DboSource.php(1058): DboSource->fetchAll('SELECT `MenuIte...', false)
#4 /var/www/lib/Cake/Model/Model.php(2663): DboSource->read(Object(MenuItem), Array)
#5 /var/www/akrobad/Controller/MenuItemsController.php(107): Model->find('all', Array)
#6 [internal function]: MenuItemsController->administration_index()
#7 /var/www/lib/Cake/Controller/Controller.php(485): ReflectionMethod->invokeArgs(Object(MenuItemsController), Array)
#8 /var/www/lib/Cake/Routing/Dispatcher.php(103): Controller->invokeAction(Object(CakeRequest))
#9 /var/www/lib/Cake/Routing/Dispatcher.php(85): Dispatcher->_invoke(Object(MenuItemsController), Object(CakeRequest), Object(CakeResponse))
#10 /var/www/akrobad/webroot/index.php(92): Dispatcher->dispatch(Object(CakeRequest), Object(CakeResponse))
#11 {main}
2012-08-15 21:13:33 Error: [PDOException] SQLSTATE[23000]: Integrity constraint violation: 1052 Column 'order' in order clause is ambiguous
#0 /var/www/lib/Cake/Model/Datasource/DboSource.php(437): PDOStatement->execute(Array)
#1 /var/www/lib/Cake/Model/Datasource/DboSource.php(403): DboSource->_execute('SELECT `MenuIte...', Array)
#2 /var/www/lib/Cake/Model/Datasource/DboSource.php(647): DboSource->execute('SELECT `MenuIte...', Array, Array)
#3 /var/www/lib/Cake/Model/Datasource/DboSource.php(1058): DboSource->fetchAll('SELECT `MenuIte...', false)
#4 /var/www/lib/Cake/Model/Model.php(2663): DboSource->read(Object(MenuItem), Array)
#5 /var/www/akrobad/Controller/MenuItemsController.php(107): Model->find('all', Array)
#6 [internal function]: MenuItemsController->administration_index()
#7 /var/www/lib/Cake/Controller/Controller.php(485): ReflectionMethod->invokeArgs(Object(MenuItemsController), Array)
#8 /var/www/lib/Cake/Routing/Dispatcher.php(103): Controller->invokeAction(Object(CakeRequest))
#9 /var/www/lib/Cake/Routing/Dispatcher.php(85): Dispatcher->_invoke(Object(MenuItemsController), Object(CakeRequest), Object(CakeResponse))
#10 /var/www/akrobad/webroot/index.php(92): Dispatcher->dispatch(Object(CakeRequest), Object(CakeResponse))
#11 {main}
2012-08-15 21:13:33 Error: [PDOException] SQLSTATE[23000]: Integrity constraint violation: 1052 Column 'order' in order clause is ambiguous
#0 /var/www/lib/Cake/Model/Datasource/DboSource.php(437): PDOStatement->execute(Array)
#1 /var/www/lib/Cake/Model/Datasource/DboSource.php(403): DboSource->_execute('SELECT `MenuIte...', Array)
#2 /var/www/lib/Cake/Model/Datasource/DboSource.php(647): DboSource->execute('SELECT `MenuIte...', Array, Array)
#3 /var/www/lib/Cake/Model/Datasource/DboSource.php(1058): DboSource->fetchAll('SELECT `MenuIte...', false)
#4 /var/www/lib/Cake/Model/Model.php(2663): DboSource->read(Object(MenuItem), Array)
#5 /var/www/akrobad/Controller/MenuItemsController.php(107): Model->find('all', Array)
#6 [internal function]: MenuItemsController->administration_index()
#7 /var/www/lib/Cake/Controller/Controller.php(485): ReflectionMethod->invokeArgs(Object(MenuItemsController), Array)
#8 /var/www/lib/Cake/Routing/Dispatcher.php(103): Controller->invokeAction(Object(CakeRequest))
#9 /var/www/lib/Cake/Routing/Dispatcher.php(85): Dispatcher->_invoke(Object(MenuItemsController), Object(CakeRequest), Object(CakeResponse))
#10 /var/www/akrobad/webroot/index.php(92): Dispatcher->dispatch(Object(CakeRequest), Object(CakeResponse))
#11 {main}
2012-08-15 21:13:34 Error: [PDOException] SQLSTATE[23000]: Integrity constraint violation: 1052 Column 'order' in order clause is ambiguous
#0 /var/www/lib/Cake/Model/Datasource/DboSource.php(437): PDOStatement->execute(Array)
#1 /var/www/lib/Cake/Model/Datasource/DboSource.php(403): DboSource->_execute('SELECT `MenuIte...', Array)
#2 /var/www/lib/Cake/Model/Datasource/DboSource.php(647): DboSource->execute('SELECT `MenuIte...', Array, Array)
#3 /var/www/lib/Cake/Model/Datasource/DboSource.php(1058): DboSource->fetchAll('SELECT `MenuIte...', false)
#4 /var/www/lib/Cake/Model/Model.php(2663): DboSource->read(Object(MenuItem), Array)
#5 /var/www/akrobad/Controller/MenuItemsController.php(107): Model->find('all', Array)
#6 [internal function]: MenuItemsController->administration_index()
#7 /var/www/lib/Cake/Controller/Controller.php(485): ReflectionMethod->invokeArgs(Object(MenuItemsController), Array)
#8 /var/www/lib/Cake/Routing/Dispatcher.php(103): Controller->invokeAction(Object(CakeRequest))
#9 /var/www/lib/Cake/Routing/Dispatcher.php(85): Dispatcher->_invoke(Object(MenuItemsController), Object(CakeRequest), Object(CakeResponse))
#10 /var/www/akrobad/webroot/index.php(92): Dispatcher->dispatch(Object(CakeRequest), Object(CakeResponse))
#11 {main}
2012-08-15 21:13:34 Error: [PDOException] SQLSTATE[23000]: Integrity constraint violation: 1052 Column 'order' in order clause is ambiguous
#0 /var/www/lib/Cake/Model/Datasource/DboSource.php(437): PDOStatement->execute(Array)
#1 /var/www/lib/Cake/Model/Datasource/DboSource.php(403): DboSource->_execute('SELECT `MenuIte...', Array)
#2 /var/www/lib/Cake/Model/Datasource/DboSource.php(647): DboSource->execute('SELECT `MenuIte...', Array, Array)
#3 /var/www/lib/Cake/Model/Datasource/DboSource.php(1058): DboSource->fetchAll('SELECT `MenuIte...', false)
#4 /var/www/lib/Cake/Model/Model.php(2663): DboSource->read(Object(MenuItem), Array)
#5 /var/www/akrobad/Controller/MenuItemsController.php(107): Model->find('all', Array)
#6 [internal function]: MenuItemsController->administration_index()
#7 /var/www/lib/Cake/Controller/Controller.php(485): ReflectionMethod->invokeArgs(Object(MenuItemsController), Array)
#8 /var/www/lib/Cake/Routing/Dispatcher.php(103): Controller->invokeAction(Object(CakeRequest))
#9 /var/www/lib/Cake/Routing/Dispatcher.php(85): Dispatcher->_invoke(Object(MenuItemsController), Object(CakeRequest), Object(CakeResponse))
#10 /var/www/akrobad/webroot/index.php(92): Dispatcher->dispatch(Object(CakeRequest), Object(CakeResponse))
#11 {main}
2012-08-15 21:20:10 Error: [MissingActionException] Action MenuItemsController::administration_action() could not be found.
#0 /var/www/lib/Cake/Routing/Dispatcher.php(103): Controller->invokeAction(Object(CakeRequest))
#1 /var/www/lib/Cake/Routing/Dispatcher.php(85): Dispatcher->_invoke(Object(MenuItemsController), Object(CakeRequest), Object(CakeResponse))
#2 /var/www/akrobad/webroot/index.php(92): Dispatcher->dispatch(Object(CakeRequest), Object(CakeResponse))
#3 {main}
2012-08-15 21:20:10 Error: [MissingActionException] Action MenuItemsController::administration_action() could not be found.
#0 /var/www/lib/Cake/Routing/Dispatcher.php(103): Controller->invokeAction(Object(CakeRequest))
#1 /var/www/lib/Cake/Routing/Dispatcher.php(85): Dispatcher->_invoke(Object(MenuItemsController), Object(CakeRequest), Object(CakeResponse))
#2 /var/www/akrobad/webroot/index.php(92): Dispatcher->dispatch(Object(CakeRequest), Object(CakeResponse))
#3 {main}
2012-08-15 21:23:21 Error: [MissingViewException] View file "/var/www/akrobad/View/MenuItems/administration_edit.ctp" is missing.
#0 /var/www/lib/Cake/View/View.php(460): View->_getViewFileName(NULL)
#1 /var/www/lib/Cake/Controller/Controller.php(959): View->render(NULL, NULL)
#2 /var/www/lib/Cake/Routing/Dispatcher.php(110): Controller->render()
#3 /var/www/lib/Cake/Routing/Dispatcher.php(85): Dispatcher->_invoke(Object(MenuItemsController), Object(CakeRequest), Object(CakeResponse))
#4 /var/www/akrobad/webroot/index.php(92): Dispatcher->dispatch(Object(CakeRequest), Object(CakeResponse))
#5 {main}
2012-08-15 21:23:21 Error: [MissingViewException] View file "/var/www/akrobad/View/MenuItems/administration_edit.ctp" is missing.
#0 /var/www/lib/Cake/View/View.php(460): View->_getViewFileName(NULL)
#1 /var/www/lib/Cake/Controller/Controller.php(959): View->render(NULL, NULL)
#2 /var/www/lib/Cake/Routing/Dispatcher.php(110): Controller->render()
#3 /var/www/lib/Cake/Routing/Dispatcher.php(85): Dispatcher->_invoke(Object(MenuItemsController), Object(CakeRequest), Object(CakeResponse))
#4 /var/www/akrobad/webroot/index.php(92): Dispatcher->dispatch(Object(CakeRequest), Object(CakeResponse))
#5 {main}
2012-08-15 21:31:10 Error: [PDOException] SQLSTATE[42000]: Syntax error or access violation: 1064 You have an error in your SQL syntax; check the manual that corresponds to your MySQL server version for the right syntax to use near 'ORDER BY `order` desc  LIMIT 1' at line 1
#0 /var/www/lib/Cake/Model/Datasource/DboSource.php(437): PDOStatement->execute(Array)
#1 /var/www/lib/Cake/Model/Datasource/DboSource.php(403): DboSource->_execute('SELECT `MenuIte...', Array)
#2 /var/www/lib/Cake/Model/Datasource/DboSource.php(647): DboSource->execute('SELECT `MenuIte...', Array, Array)
#3 /var/www/lib/Cake/Model/Datasource/DboSource.php(1058): DboSource->fetchAll('SELECT `MenuIte...', false)
#4 /var/www/lib/Cake/Model/Model.php(2663): DboSource->read(Object(MenuItem), Array)
#5 /var/www/akrobad/Controller/MenuItemsController.php(23): Model->find('first', Array)
#6 [internal function]: MenuItemsController->administration_order('3', 'up')
#7 /var/www/lib/Cake/Controller/Controller.php(485): ReflectionMethod->invokeArgs(Object(MenuItemsController), Array)
#8 /var/www/lib/Cake/Routing/Dispatcher.php(103): Controller->invokeAction(Object(CakeRequest))
#9 /var/www/lib/Cake/Routing/Dispatcher.php(85): Dispatcher->_invoke(Object(MenuItemsController), Object(CakeRequest), Object(CakeResponse))
#10 /var/www/akrobad/webroot/index.php(92): Dispatcher->dispatch(Object(CakeRequest), Object(CakeResponse))
#11 {main}
2012-08-15 21:31:10 Error: [PDOException] SQLSTATE[42000]: Syntax error or access violation: 1064 You have an error in your SQL syntax; check the manual that corresponds to your MySQL server version for the right syntax to use near 'ORDER BY `order` desc  LIMIT 1' at line 1
#0 /var/www/lib/Cake/Model/Datasource/DboSource.php(437): PDOStatement->execute(Array)
#1 /var/www/lib/Cake/Model/Datasource/DboSource.php(403): DboSource->_execute('SELECT `MenuIte...', Array)
#2 /var/www/lib/Cake/Model/Datasource/DboSource.php(647): DboSource->execute('SELECT `MenuIte...', Array, Array)
#3 /var/www/lib/Cake/Model/Datasource/DboSource.php(1058): DboSource->fetchAll('SELECT `MenuIte...', false)
#4 /var/www/lib/Cake/Model/Model.php(2663): DboSource->read(Object(MenuItem), Array)
#5 /var/www/akrobad/Controller/MenuItemsController.php(23): Model->find('first', Array)
#6 [internal function]: MenuItemsController->administration_order('3', 'up')
#7 /var/www/lib/Cake/Controller/Controller.php(485): ReflectionMethod->invokeArgs(Object(MenuItemsController), Array)
#8 /var/www/lib/Cake/Routing/Dispatcher.php(103): Controller->invokeAction(Object(CakeRequest))
#9 /var/www/lib/Cake/Routing/Dispatcher.php(85): Dispatcher->_invoke(Object(MenuItemsController), Object(CakeRequest), Object(CakeResponse))
#10 /var/www/akrobad/webroot/index.php(92): Dispatcher->dispatch(Object(CakeRequest), Object(CakeResponse))
#11 {main}
2012-08-15 21:33:36 Error: [PDOException] SQLSTATE[42000]: Syntax error or access violation: 1064 You have an error in your SQL syntax; check the manual that corresponds to your MySQL server version for the right syntax to use near 'ORDER BY `order` asc  LIMIT 1' at line 1
#0 /var/www/lib/Cake/Model/Datasource/DboSource.php(437): PDOStatement->execute(Array)
#1 /var/www/lib/Cake/Model/Datasource/DboSource.php(403): DboSource->_execute('SELECT `MenuIte...', Array)
#2 /var/www/lib/Cake/Model/Datasource/DboSource.php(647): DboSource->execute('SELECT `MenuIte...', Array, Array)
#3 /var/www/lib/Cake/Model/Datasource/DboSource.php(1058): DboSource->fetchAll('SELECT `MenuIte...', false)
#4 /var/www/lib/Cake/Model/Model.php(2663): DboSource->read(Object(MenuItem), Array)
#5 /var/www/akrobad/Controller/MenuItemsController.php(29): Model->find('first', Array)
#6 [internal function]: MenuItemsController->administration_order('4', 'down')
#7 /var/www/lib/Cake/Controller/Controller.php(485): ReflectionMethod->invokeArgs(Object(MenuItemsController), Array)
#8 /var/www/lib/Cake/Routing/Dispatcher.php(103): Controller->invokeAction(Object(CakeRequest))
#9 /var/www/lib/Cake/Routing/Dispatcher.php(85): Dispatcher->_invoke(Object(MenuItemsController), Object(CakeRequest), Object(CakeResponse))
#10 /var/www/akrobad/webroot/index.php(92): Dispatcher->dispatch(Object(CakeRequest), Object(CakeResponse))
#11 {main}
2012-08-15 21:33:36 Error: [PDOException] SQLSTATE[42000]: Syntax error or access violation: 1064 You have an error in your SQL syntax; check the manual that corresponds to your MySQL server version for the right syntax to use near 'ORDER BY `order` asc  LIMIT 1' at line 1
#0 /var/www/lib/Cake/Model/Datasource/DboSource.php(437): PDOStatement->execute(Array)
#1 /var/www/lib/Cake/Model/Datasource/DboSource.php(403): DboSource->_execute('SELECT `MenuIte...', Array)
#2 /var/www/lib/Cake/Model/Datasource/DboSource.php(647): DboSource->execute('SELECT `MenuIte...', Array, Array)
#3 /var/www/lib/Cake/Model/Datasource/DboSource.php(1058): DboSource->fetchAll('SELECT `MenuIte...', false)
#4 /var/www/lib/Cake/Model/Model.php(2663): DboSource->read(Object(MenuItem), Array)
#5 /var/www/akrobad/Controller/MenuItemsController.php(29): Model->find('first', Array)
#6 [internal function]: MenuItemsController->administration_order('4', 'down')
#7 /var/www/lib/Cake/Controller/Controller.php(485): ReflectionMethod->invokeArgs(Object(MenuItemsController), Array)
#8 /var/www/lib/Cake/Routing/Dispatcher.php(103): Controller->invokeAction(Object(CakeRequest))
#9 /var/www/lib/Cake/Routing/Dispatcher.php(85): Dispatcher->_invoke(Object(MenuItemsController), Object(CakeRequest), Object(CakeResponse))
#10 /var/www/akrobad/webroot/index.php(92): Dispatcher->dispatch(Object(CakeRequest), Object(CakeResponse))
#11 {main}
2012-08-15 21:36:17 Error: [PDOException] SQLSTATE[42000]: Syntax error or access violation: 1064 You have an error in your SQL syntax; check the manual that corresponds to your MySQL server version for the right syntax to use near 'ORDER BY `order` desc  LIMIT 1' at line 1
#0 /var/www/lib/Cake/Model/Datasource/DboSource.php(437): PDOStatement->execute(Array)
#1 /var/www/lib/Cake/Model/Datasource/DboSource.php(403): DboSource->_execute('SELECT `MenuIte...', Array)
#2 /var/www/lib/Cake/Model/Datasource/DboSource.php(647): DboSource->execute('SELECT `MenuIte...', Array, Array)
#3 /var/www/lib/Cake/Model/Datasource/DboSource.php(1058): DboSource->fetchAll('SELECT `MenuIte...', false)
#4 /var/www/lib/Cake/Model/Model.php(2663): DboSource->read(Object(MenuItem), Array)
#5 /var/www/akrobad/Controller/MenuItemsController.php(23): Model->find('first', Array)
#6 [internal function]: MenuItemsController->administration_order('6', 'up')
#7 /var/www/lib/Cake/Controller/Controller.php(485): ReflectionMethod->invokeArgs(Object(MenuItemsController), Array)
#8 /var/www/lib/Cake/Routing/Dispatcher.php(103): Controller->invokeAction(Object(CakeRequest))
#9 /var/www/lib/Cake/Routing/Dispatcher.php(85): Dispatcher->_invoke(Object(MenuItemsController), Object(CakeRequest), Object(CakeResponse))
#10 /var/www/akrobad/webroot/index.php(92): Dispatcher->dispatch(Object(CakeRequest), Object(CakeResponse))
#11 {main}
2012-08-15 21:36:17 Error: [PDOException] SQLSTATE[42000]: Syntax error or access violation: 1064 You have an error in your SQL syntax; check the manual that corresponds to your MySQL server version for the right syntax to use near 'ORDER BY `order` desc  LIMIT 1' at line 1
#0 /var/www/lib/Cake/Model/Datasource/DboSource.php(437): PDOStatement->execute(Array)
#1 /var/www/lib/Cake/Model/Datasource/DboSource.php(403): DboSource->_execute('SELECT `MenuIte...', Array)
#2 /var/www/lib/Cake/Model/Datasource/DboSource.php(647): DboSource->execute('SELECT `MenuIte...', Array, Array)
#3 /var/www/lib/Cake/Model/Datasource/DboSource.php(1058): DboSource->fetchAll('SELECT `MenuIte...', false)
#4 /var/www/lib/Cake/Model/Model.php(2663): DboSource->read(Object(MenuItem), Array)
#5 /var/www/akrobad/Controller/MenuItemsController.php(23): Model->find('first', Array)
#6 [internal function]: MenuItemsController->administration_order('6', 'up')
#7 /var/www/lib/Cake/Controller/Controller.php(485): ReflectionMethod->invokeArgs(Object(MenuItemsController), Array)
#8 /var/www/lib/Cake/Routing/Dispatcher.php(103): Controller->invokeAction(Object(CakeRequest))
#9 /var/www/lib/Cake/Routing/Dispatcher.php(85): Dispatcher->_invoke(Object(MenuItemsController), Object(CakeRequest), Object(CakeResponse))
#10 /var/www/akrobad/webroot/index.php(92): Dispatcher->dispatch(Object(CakeRequest), Object(CakeResponse))
#11 {main}
2012-08-15 21:41:49 Error: [MissingControllerException] Controller class StaticElementsController could not be found.
#0 /var/www/akrobad/webroot/index.php(92): Dispatcher->dispatch(Object(CakeRequest), Object(CakeResponse))
#1 {main}
2012-08-15 21:41:49 Error: [MissingControllerException] Controller class StaticElementsController could not be found.
#0 /var/www/akrobad/webroot/index.php(92): Dispatcher->dispatch(Object(CakeRequest), Object(CakeResponse))
#1 {main}
2012-08-15 21:42:58 Error: [MissingControllerException] Controller class StaticElementsController could not be found.
#0 /var/www/akrobad/webroot/index.php(92): Dispatcher->dispatch(Object(CakeRequest), Object(CakeResponse))
#1 {main}
2012-08-15 21:42:58 Error: [MissingControllerException] Controller class StaticElementsController could not be found.
#0 /var/www/akrobad/webroot/index.php(92): Dispatcher->dispatch(Object(CakeRequest), Object(CakeResponse))
#1 {main}
2012-08-15 21:44:45 Error: [MissingControllerException] Controller class StaticElementsController could not be found.
#0 /var/www/akrobad/webroot/index.php(92): Dispatcher->dispatch(Object(CakeRequest), Object(CakeResponse))
#1 {main}
2012-08-15 21:44:45 Error: [MissingControllerException] Controller class StaticElementsController could not be found.
#0 /var/www/akrobad/webroot/index.php(92): Dispatcher->dispatch(Object(CakeRequest), Object(CakeResponse))
#1 {main}
2012-08-15 21:45:09 Error: [MissingControllerException] Controller class StaticElementsController could not be found.
#0 /var/www/akrobad/webroot/index.php(92): Dispatcher->dispatch(Object(CakeRequest), Object(CakeResponse))
#1 {main}
2012-08-15 21:45:09 Error: [MissingControllerException] Controller class StaticElementsController could not be found.
#0 /var/www/akrobad/webroot/index.php(92): Dispatcher->dispatch(Object(CakeRequest), Object(CakeResponse))
#1 {main}
2012-08-15 21:45:20 Error: [MissingControllerException] Controller class StaticElementsController could not be found.
#0 /var/www/akrobad/webroot/index.php(92): Dispatcher->dispatch(Object(CakeRequest), Object(CakeResponse))
#1 {main}
2012-08-15 21:45:20 Error: [MissingControllerException] Controller class StaticElementsController could not be found.
#0 /var/www/akrobad/webroot/index.php(92): Dispatcher->dispatch(Object(CakeRequest), Object(CakeResponse))
#1 {main}
2012-08-15 22:02:10 Error: [MissingActionException] Action MenuItemsController::administration_list() could not be found.
#0 /var/www/lib/Cake/Routing/Dispatcher.php(103): Controller->invokeAction(Object(CakeRequest))
#1 /var/www/lib/Cake/Routing/Dispatcher.php(85): Dispatcher->_invoke(Object(MenuItemsController), Object(CakeRequest), Object(CakeResponse))
#2 /var/www/akrobad/webroot/index.php(92): Dispatcher->dispatch(Object(CakeRequest), Object(CakeResponse))
#3 {main}
2012-08-15 22:02:10 Error: [MissingActionException] Action MenuItemsController::administration_list() could not be found.
#0 /var/www/lib/Cake/Routing/Dispatcher.php(103): Controller->invokeAction(Object(CakeRequest))
#1 /var/www/lib/Cake/Routing/Dispatcher.php(85): Dispatcher->_invoke(Object(MenuItemsController), Object(CakeRequest), Object(CakeResponse))
#2 /var/www/akrobad/webroot/index.php(92): Dispatcher->dispatch(Object(CakeRequest), Object(CakeResponse))
#3 {main}
2012-08-15 22:13:12 Error: [PDOException] SQLSTATE[23000]: Integrity constraint violation: 1052 Column 'parent_id' in where clause is ambiguous
#0 /var/www/lib/Cake/Model/Datasource/DboSource.php(437): PDOStatement->execute(Array)
#1 /var/www/lib/Cake/Model/Datasource/DboSource.php(403): DboSource->_execute('SELECT `MenuIte...', Array)
#2 /var/www/lib/Cake/Model/Datasource/DboSource.php(647): DboSource->execute('SELECT `MenuIte...', Array, Array)
#3 /var/www/lib/Cake/Model/Datasource/DboSource.php(1058): DboSource->fetchAll('SELECT `MenuIte...', false)
#4 /var/www/lib/Cake/Model/Model.php(2663): DboSource->read(Object(MenuItem), Array)
#5 /var/www/akrobad/Controller/MenuItemsController.php(14): Model->find('all', Array)
#6 [internal function]: MenuItemsController->administration_index()
#7 /var/www/lib/Cake/Controller/Controller.php(485): ReflectionMethod->invokeArgs(Object(MenuItemsController), Array)
#8 /var/www/lib/Cake/Routing/Dispatcher.php(103): Controller->invokeAction(Object(CakeRequest))
#9 /var/www/lib/Cake/Routing/Dispatcher.php(85): Dispatcher->_invoke(Object(MenuItemsController), Object(CakeRequest), Object(CakeResponse))
#10 /var/www/akrobad/webroot/index.php(92): Dispatcher->dispatch(Object(CakeRequest), Object(CakeResponse))
#11 {main}
2012-08-15 22:13:12 Error: [PDOException] SQLSTATE[23000]: Integrity constraint violation: 1052 Column 'parent_id' in where clause is ambiguous
#0 /var/www/lib/Cake/Model/Datasource/DboSource.php(437): PDOStatement->execute(Array)
#1 /var/www/lib/Cake/Model/Datasource/DboSource.php(403): DboSource->_execute('SELECT `MenuIte...', Array)
#2 /var/www/lib/Cake/Model/Datasource/DboSource.php(647): DboSource->execute('SELECT `MenuIte...', Array, Array)
#3 /var/www/lib/Cake/Model/Datasource/DboSource.php(1058): DboSource->fetchAll('SELECT `MenuIte...', false)
#4 /var/www/lib/Cake/Model/Model.php(2663): DboSource->read(Object(MenuItem), Array)
#5 /var/www/akrobad/Controller/MenuItemsController.php(14): Model->find('all', Array)
#6 [internal function]: MenuItemsController->administration_index()
#7 /var/www/lib/Cake/Controller/Controller.php(485): ReflectionMethod->invokeArgs(Object(MenuItemsController), Array)
#8 /var/www/lib/Cake/Routing/Dispatcher.php(103): Controller->invokeAction(Object(CakeRequest))
#9 /var/www/lib/Cake/Routing/Dispatcher.php(85): Dispatcher->_invoke(Object(MenuItemsController), Object(CakeRequest), Object(CakeResponse))
#10 /var/www/akrobad/webroot/index.php(92): Dispatcher->dispatch(Object(CakeRequest), Object(CakeResponse))
#11 {main}
2012-08-15 22:13:23 Error: [PDOException] SQLSTATE[23000]: Integrity constraint violation: 1052 Column 'parent_id' in where clause is ambiguous
#0 /var/www/lib/Cake/Model/Datasource/DboSource.php(437): PDOStatement->execute(Array)
#1 /var/www/lib/Cake/Model/Datasource/DboSource.php(403): DboSource->_execute('SELECT `MenuIte...', Array)
#2 /var/www/lib/Cake/Model/Datasource/DboSource.php(647): DboSource->execute('SELECT `MenuIte...', Array, Array)
#3 /var/www/lib/Cake/Model/Datasource/DboSource.php(1058): DboSource->fetchAll('SELECT `MenuIte...', false)
#4 /var/www/lib/Cake/Model/Model.php(2663): DboSource->read(Object(MenuItem), Array)
#5 /var/www/akrobad/Controller/MenuItemsController.php(13): Model->find('all', Array)
#6 [internal function]: MenuItemsController->administration_index()
#7 /var/www/lib/Cake/Controller/Controller.php(485): ReflectionMethod->invokeArgs(Object(MenuItemsController), Array)
#8 /var/www/lib/Cake/Routing/Dispatcher.php(103): Controller->invokeAction(Object(CakeRequest))
#9 /var/www/lib/Cake/Routing/Dispatcher.php(85): Dispatcher->_invoke(Object(MenuItemsController), Object(CakeRequest), Object(CakeResponse))
#10 /var/www/akrobad/webroot/index.php(92): Dispatcher->dispatch(Object(CakeRequest), Object(CakeResponse))
#11 {main}
2012-08-15 22:13:23 Error: [PDOException] SQLSTATE[23000]: Integrity constraint violation: 1052 Column 'parent_id' in where clause is ambiguous
#0 /var/www/lib/Cake/Model/Datasource/DboSource.php(437): PDOStatement->execute(Array)
#1 /var/www/lib/Cake/Model/Datasource/DboSource.php(403): DboSource->_execute('SELECT `MenuIte...', Array)
#2 /var/www/lib/Cake/Model/Datasource/DboSource.php(647): DboSource->execute('SELECT `MenuIte...', Array, Array)
#3 /var/www/lib/Cake/Model/Datasource/DboSource.php(1058): DboSource->fetchAll('SELECT `MenuIte...', false)
#4 /var/www/lib/Cake/Model/Model.php(2663): DboSource->read(Object(MenuItem), Array)
#5 /var/www/akrobad/Controller/MenuItemsController.php(13): Model->find('all', Array)
#6 [internal function]: MenuItemsController->administration_index()
#7 /var/www/lib/Cake/Controller/Controller.php(485): ReflectionMethod->invokeArgs(Object(MenuItemsController), Array)
#8 /var/www/lib/Cake/Routing/Dispatcher.php(103): Controller->invokeAction(Object(CakeRequest))
#9 /var/www/lib/Cake/Routing/Dispatcher.php(85): Dispatcher->_invoke(Object(MenuItemsController), Object(CakeRequest), Object(CakeResponse))
#10 /var/www/akrobad/webroot/index.php(92): Dispatcher->dispatch(Object(CakeRequest), Object(CakeResponse))
#11 {main}
2012-08-15 22:13:24 Error: [PDOException] SQLSTATE[23000]: Integrity constraint violation: 1052 Column 'parent_id' in where clause is ambiguous
#0 /var/www/lib/Cake/Model/Datasource/DboSource.php(437): PDOStatement->execute(Array)
#1 /var/www/lib/Cake/Model/Datasource/DboSource.php(403): DboSource->_execute('SELECT `MenuIte...', Array)
#2 /var/www/lib/Cake/Model/Datasource/DboSource.php(647): DboSource->execute('SELECT `MenuIte...', Array, Array)
#3 /var/www/lib/Cake/Model/Datasource/DboSource.php(1058): DboSource->fetchAll('SELECT `MenuIte...', false)
#4 /var/www/lib/Cake/Model/Model.php(2663): DboSource->read(Object(MenuItem), Array)
#5 /var/www/akrobad/Controller/MenuItemsController.php(13): Model->find('all', Array)
#6 [internal function]: MenuItemsController->administration_index()
#7 /var/www/lib/Cake/Controller/Controller.php(485): ReflectionMethod->invokeArgs(Object(MenuItemsController), Array)
#8 /var/www/lib/Cake/Routing/Dispatcher.php(103): Controller->invokeAction(Object(CakeRequest))
#9 /var/www/lib/Cake/Routing/Dispatcher.php(85): Dispatcher->_invoke(Object(MenuItemsController), Object(CakeRequest), Object(CakeResponse))
#10 /var/www/akrobad/webroot/index.php(92): Dispatcher->dispatch(Object(CakeRequest), Object(CakeResponse))
#11 {main}
2012-08-15 22:13:24 Error: [PDOException] SQLSTATE[23000]: Integrity constraint violation: 1052 Column 'parent_id' in where clause is ambiguous
#0 /var/www/lib/Cake/Model/Datasource/DboSource.php(437): PDOStatement->execute(Array)
#1 /var/www/lib/Cake/Model/Datasource/DboSource.php(403): DboSource->_execute('SELECT `MenuIte...', Array)
#2 /var/www/lib/Cake/Model/Datasource/DboSource.php(647): DboSource->execute('SELECT `MenuIte...', Array, Array)
#3 /var/www/lib/Cake/Model/Datasource/DboSource.php(1058): DboSource->fetchAll('SELECT `MenuIte...', false)
#4 /var/www/lib/Cake/Model/Model.php(2663): DboSource->read(Object(MenuItem), Array)
#5 /var/www/akrobad/Controller/MenuItemsController.php(13): Model->find('all', Array)
#6 [internal function]: MenuItemsController->administration_index()
#7 /var/www/lib/Cake/Controller/Controller.php(485): ReflectionMethod->invokeArgs(Object(MenuItemsController), Array)
#8 /var/www/lib/Cake/Routing/Dispatcher.php(103): Controller->invokeAction(Object(CakeRequest))
#9 /var/www/lib/Cake/Routing/Dispatcher.php(85): Dispatcher->_invoke(Object(MenuItemsController), Object(CakeRequest), Object(CakeResponse))
#10 /var/www/akrobad/webroot/index.php(92): Dispatcher->dispatch(Object(CakeRequest), Object(CakeResponse))
#11 {main}
